[INFO] 01:36:49:991 Team/(9112:9112): Cantidad de entrenadores 3
[INFO] 01:36:49:992 Team/(9112:9112): Objetivo Global:
[INFO] 01:36:49:992 Team/(9112:9112): Pikachu
[INFO] 01:36:49:992 Team/(9112:9112): Pikachu
[INFO] 01:36:49:992 Team/(9112:9112): Pikachu
[INFO] 01:36:49:992 Team/(9112:9112): Charmander
[INFO] 01:36:49:993 Team/(9112:9120): Reintenando reconectar cada 10 segundos
[INFO] 01:38:08:352 Team/(9159:9159): Cantidad de entrenadores 3
[INFO] 01:38:08:358 Team/(9159:9159): Objetivo Global:
[INFO] 01:38:08:358 Team/(9159:9159): Pikachu
[INFO] 01:38:08:358 Team/(9159:9159): Pikachu
[INFO] 01:38:08:358 Team/(9159:9159): Pikachu
[INFO] 01:38:08:358 Team/(9159:9159): Charmander
[INFO] 01:38:08:361 Team/(9159:9167): Reintenando reconectar cada 10 segundos
[INFO] 01:38:13:271 Team/(9159:9168): Llego pokemon a la cola APPEARED!
[INFO] 01:38:13:271 Team/(9159:9169): LLego entrenador!
[INFO] 01:38:13:271 Team/(9159:9169): Entrenador ejecutando
[INFO] 01:38:14:769 Team/(9159:9168): Llego pokemon a la cola APPEARED!
[INFO] 01:38:14:770 Team/(9159:9169): LLego entrenador!
[INFO] 01:38:20:858 Team/(9159:9168): Llego pokemon a la cola APPEARED!
[INFO] 01:42:45:709 Team/(9338:9338): Cantidad de entrenadores 3
[INFO] 01:42:45:758 Team/(9338:9338): Objetivo Global:
[INFO] 01:42:45:758 Team/(9338:9338): Pikachu
[INFO] 01:42:45:758 Team/(9338:9338): Pikachu
[INFO] 01:42:45:758 Team/(9338:9338): Pikachu
[INFO] 01:42:45:758 Team/(9338:9338): Charmander
[INFO] 01:42:45:759 Team/(9338:9346): Reintenando reconectar cada 10 segundos
[INFO] 01:42:57:62 Team/(9338:9347): Llego pokemon a la cola APPEARED!
[INFO] 01:42:57:62 Team/(9338:9348): LLego entrenador!
[INFO] 01:42:57:62 Team/(9338:9348): Entrenador ejecutando
[INFO] 01:42:58:555 Team/(9338:9347): Llego pokemon a la cola APPEARED!
[INFO] 01:42:58:555 Team/(9338:9348): LLego entrenador!
[INFO] 01:44:08:143 Team/(9397:9397): Cantidad de entrenadores 3
[INFO] 01:44:08:144 Team/(9397:9397): Objetivo Global:
[INFO] 01:44:08:144 Team/(9397:9397): Pikachu
[INFO] 01:44:08:144 Team/(9397:9397): Pikachu
[INFO] 01:44:08:144 Team/(9397:9397): Pikachu
[INFO] 01:44:08:144 Team/(9397:9397): Charmander
[INFO] 01:44:08:149 Team/(9397:9406): Reintenando reconectar cada 10 segundos
[INFO] 01:44:11:639 Team/(9397:9407): Llego pokemon a la cola APPEARED!
[INFO] 01:44:11:639 Team/(9397:9408): LLego entrenador!
[INFO] 01:44:11:639 Team/(9397:9408): Entrenador ejecutando
[INFO] 01:44:12:578 Team/(9397:9407): Llego pokemon a la cola APPEARED!
[INFO] 01:44:12:578 Team/(9397:9408): LLego entrenador!
[INFO] 01:46:12:157 Team/(9467:9467): Cantidad de entrenadores 3
[INFO] 01:46:12:157 Team/(9467:9467): Objetivo Global:
[INFO] 01:46:12:157 Team/(9467:9467): Pikachu
[INFO] 01:46:12:157 Team/(9467:9467): Pikachu
[INFO] 01:46:12:157 Team/(9467:9467): Pikachu
[INFO] 01:46:12:157 Team/(9467:9467): Charmander
[INFO] 01:46:12:163 Team/(9467:9475): Reintenando reconectar cada 10 segundos
[INFO] 01:46:17:535 Team/(9467:9476): Llego pokemon a la cola APPEARED!
[INFO] 01:46:17:535 Team/(9467:9477): LLego entrenador!
[INFO] 01:46:17:535 Team/(9467:9477): Entrenador ejecutando
[INFO] 01:46:18:318 Team/(9467:9476): Llego pokemon a la cola APPEARED!
[INFO] 01:46:18:318 Team/(9467:9477): LLego entrenador!
[INFO] 01:46:24:536 Team/(9467:9472): LLegue a la posicion!
[INFO] 01:46:24:536 Team/(9467:9477): Entrenador ejecutando
[INFO] 01:46:59:21 Team/(9467:9476): Llego pokemon a la cola APPEARED!
[INFO] 01:46:59:21 Team/(9467:9477): LLego entrenador!
[INFO] 01:48:46:21 Team/(9553:9553): Cantidad de entrenadores 3
[INFO] 01:48:46:23 Team/(9553:9553): Objetivo Global:
[INFO] 01:48:46:24 Team/(9553:9553): Pikachu
[INFO] 01:48:46:24 Team/(9553:9553): Pikachu
[INFO] 01:48:46:24 Team/(9553:9553): Pikachu
[INFO] 01:48:46:24 Team/(9553:9553): Charmander
[INFO] 01:48:46:25 Team/(9553:9561): Reintenando reconectar cada 10 segundos
[INFO] 01:48:50:599 Team/(9553:9562): Llego pokemon a la cola APPEARED!
[INFO] 01:48:50:599 Team/(9553:9563): LLego entrenador!
[INFO] 01:48:50:599 Team/(9553:9563): Entrenador ejecutando
[INFO] 01:48:52:286 Team/(9553:9562): Llego pokemon a la cola APPEARED!
[INFO] 01:48:52:286 Team/(9553:9563): LLego entrenador!
[INFO] 01:48:55:599 Team/(9553:9558): Agarre pokemon!
[INFO] 01:48:55:600 Team/(9553:9563): Entrenador ejecutando
[INFO] 01:51:15:945 Team/(9635:9635): Cantidad de entrenadores 3
[INFO] 01:51:15:949 Team/(9635:9635): Objetivo Global:
[INFO] 01:51:15:949 Team/(9635:9635): Pikachu
[INFO] 01:51:15:949 Team/(9635:9635): Pikachu
[INFO] 01:51:15:949 Team/(9635:9635): Pikachu
[INFO] 01:51:15:950 Team/(9635:9635): Charmander
[INFO] 01:51:15:950 Team/(9635:9650): Reintenando reconectar cada 10 segundos
[INFO] 01:51:25:980 Team/(9635:9651): Llego pokemon a la cola APPEARED!
[INFO] 01:51:25:980 Team/(9635:9652): LLego entrenador!
[INFO] 01:51:25:980 Team/(9635:9652): Entrenador ejecutando
[INFO] 01:51:27:402 Team/(9635:9651): Llego pokemon a la cola APPEARED!
[INFO] 01:51:27:402 Team/(9635:9652): LLego entrenador!
[INFO] 01:51:30:985 Team/(9635:9647): Agarre pokemon!
[INFO] 01:51:30:985 Team/(9635:9652): Entrenador ejecutando
[INFO] 01:51:35:985 Team/(9635:9649): Agarre pokemon!
[INFO] 01:51:38:667 Team/(9635:9651): Llego pokemon a la cola APPEARED!
[INFO] 01:51:38:667 Team/(9635:9652): LLego entrenador!
[INFO] 01:51:38:667 Team/(9635:9652): Entrenador ejecutando
[INFO] 01:51:43:667 Team/(9635:9648): Agarre pokemon!
[INFO] 01:51:44:565 Team/(9635:9651): Llego pokemon a la cola APPEARED!
[INFO] 01:51:44:565 Team/(9635:9651): No se necesita!
[INFO] 01:51:45:782 Team/(9635:9651): Llego pokemon a la cola APPEARED!
[INFO] 01:51:45:783 Team/(9635:9651): No se necesita!
[INFO] 01:51:46:533 Team/(9635:9651): Llego pokemon a la cola APPEARED!
[INFO] 01:51:46:533 Team/(9635:9651): No se necesita!
[INFO] 02:02:09:522 Team/(9855:9855): Cantidad de entrenadores 3
[INFO] 02:02:09:523 Team/(9855:9855): Objetivo Global:
[INFO] 02:02:09:523 Team/(9855:9855): Pikachu
[INFO] 02:02:09:523 Team/(9855:9855): Pikachu
[INFO] 02:02:09:523 Team/(9855:9855): Pikachu
[INFO] 02:02:09:523 Team/(9855:9855): Charmander
[INFO] 02:02:09:525 Team/(9855:9863): Reintenando reconectar cada 10 segundos
[INFO] 02:02:12:822 Team/(9635:9651): Llego pokemon a la cola APPEARED!
[INFO] 02:02:12:822 Team/(9635:9651): No se necesita!
[INFO] 02:02:32:46 Team/(9878:9878): Cantidad de entrenadores 3
[INFO] 02:02:32:47 Team/(9878:9878): Objetivo Global:
[INFO] 02:02:32:47 Team/(9878:9878): Pikachu
[INFO] 02:02:32:47 Team/(9878:9878): Pikachu
[INFO] 02:02:32:47 Team/(9878:9878): Pikachu
[INFO] 02:02:32:47 Team/(9878:9878): Charmander
[INFO] 02:02:32:48 Team/(9878:9886): Reintenando reconectar cada 10 segundos
[INFO] 02:02:35:327 Team/(9878:9887): Llego pokemon a la cola APPEARED!
[INFO] 02:02:35:327 Team/(9878:9888): LLego entrenador!
[INFO] 02:02:35:327 Team/(9878:9888): Entrenador ejecutando
[INFO] 02:02:36:819 Team/(9878:9887): Llego pokemon a la cola APPEARED!
[INFO] 02:02:36:819 Team/(9878:9888): LLego entrenador!
[INFO] 02:02:40:327 Team/(9878:9883): Agarre pokemon!
[INFO] 02:02:40:328 Team/(9878:9888): Entrenador ejecutando
[INFO] 02:03:59:963 Team/(9936:9936): Cantidad de entrenadores 3
[INFO] 02:03:59:972 Team/(9936:9936): Objetivo Global:
[INFO] 02:03:59:972 Team/(9936:9936): Pikachu
[INFO] 02:03:59:972 Team/(9936:9936): Pikachu
[INFO] 02:03:59:972 Team/(9936:9936): Pikachu
[INFO] 02:03:59:972 Team/(9936:9936): Charmander
[INFO] 02:03:59:972 Team/(9936:9944): Reintenando reconectar cada 10 segundos
[INFO] 02:04:02:535 Team/(9936:9945): Llego pokemon a la cola APPEARED!
[INFO] 02:04:02:535 Team/(9936:9946): LLego entrenador!
[INFO] 02:04:02:535 Team/(9936:9946): Entrenador ejecutando
[INFO] 02:04:03:769 Team/(9936:9945): Llego pokemon a la cola APPEARED!
[INFO] 02:04:03:769 Team/(9936:9946): LLego entrenador!
[INFO] 02:04:07:537 Team/(9936:9941): Agarre pokemon!
[INFO] 02:05:27:708 Team/(9996:9996): Cantidad de entrenadores 3
[INFO] 02:05:27:709 Team/(9996:9996): Objetivo Global:
[INFO] 02:05:27:709 Team/(9996:9996): Pikachu
[INFO] 02:05:27:709 Team/(9996:9996): Pikachu
[INFO] 02:05:27:713 Team/(9996:9996): Pikachu
[INFO] 02:05:27:713 Team/(9996:9996): Charmander
[INFO] 02:05:27:713 Team/(9996:10004): Reintenando reconectar cada 10 segundos
[INFO] 02:05:29:695 Team/(9996:10005): Llego pokemon a la cola APPEARED!
[INFO] 02:05:29:695 Team/(9996:10006): LLego entrenador!
[INFO] 02:05:29:695 Team/(9996:10006): Entrenador ejecutando
[INFO] 02:05:30:721 Team/(9996:10005): Llego pokemon a la cola APPEARED!
[INFO] 02:05:30:722 Team/(9996:10006): LLego entrenador!
[INFO] 02:05:34:695 Team/(9996:10001): Agarre pokemon!
[INFO] 02:05:34:695 Team/(9996:10006): Entrenador ejecutando
[INFO] 02:53:45:939 Team/(11379:11379): Cantidad de entrenadores 3
[INFO] 02:53:45:965 Team/(11379:11379): Objetivo Global:
[INFO] 02:53:45:965 Team/(11379:11379): Pikachu
[INFO] 02:53:45:965 Team/(11379:11379): Pikachu
[INFO] 02:53:45:966 Team/(11379:11379): Pikachu
[INFO] 02:53:45:966 Team/(11379:11379): Charmander
[INFO] 02:53:45:966 Team/(11379:11387): Reintenando reconectar cada 30 segundos
[INFO] 02:53:53:82 Team/(11379:11388): Llego pokemon a la cola APPEARED!
[INFO] 02:55:08:99 Team/(11461:11461): Cantidad de entrenadores 3
[INFO] 02:55:08:110 Team/(11461:11461): Objetivo Global:
[INFO] 02:55:08:111 Team/(11461:11461): Pikachu
[INFO] 02:55:08:111 Team/(11461:11461): Pikachu
[INFO] 02:55:08:111 Team/(11461:11461): Pikachu
[INFO] 02:55:08:111 Team/(11461:11461): Charmander
[INFO] 02:55:08:115 Team/(11461:11476): Reintenando reconectar cada 30 segundos
[INFO] 02:55:57:830 Team/(11512:11512): Cantidad de entrenadores 3
[INFO] 02:55:57:840 Team/(11512:11512): Objetivo Global:
[INFO] 02:55:57:841 Team/(11512:11512): Pikachu
[INFO] 02:55:57:845 Team/(11512:11512): Pikachu
[INFO] 02:55:57:845 Team/(11512:11512): Pikachu
[INFO] 02:55:57:845 Team/(11512:11512): Charmander
[INFO] 02:55:57:851 Team/(11512:11524): Reintenando reconectar cada 30 segundos
[INFO] 02:56:05:130 Team/(11512:11525): Llego pokemon a la cola APPEARED!
[INFO] 02:57:54:247 Team/(11617:11617): Cantidad de entrenadores 3
[INFO] 02:57:54:306 Team/(11617:11617): Objetivo Global:
[INFO] 02:57:54:306 Team/(11617:11617): Pikachu
[INFO] 02:57:54:306 Team/(11617:11617): Pikachu
[INFO] 02:57:54:307 Team/(11617:11617): Pikachu
[INFO] 02:57:54:307 Team/(11617:11617): Charmander
[INFO] 02:57:54:313 Team/(11617:11631): Reintenando reconectar cada 30 segundos
[INFO] 02:57:58:501 Team/(11617:11632): Llego pokemon a la cola APPEARED!
[INFO] 03:01:28:12 Team/(11708:11708): Cantidad de entrenadores 3
[INFO] 03:01:28:22 Team/(11708:11708): Objetivo Global:
[INFO] 03:01:28:22 Team/(11708:11708): Pikachu
[INFO] 03:01:28:22 Team/(11708:11708): Pikachu
[INFO] 03:01:28:22 Team/(11708:11708): Pikachu
[INFO] 03:01:28:22 Team/(11708:11708): Charmander
[INFO] 03:01:28:27 Team/(11708:11722): Reintenando reconectar cada 30 segundos
[INFO] 03:01:31:646 Team/(11708:11723): Llego pokemon a la cola APPEARED!
[INFO] 03:16:52:97 Team/(12085:12085): Cantidad de entrenadores 3
[INFO] 03:16:53:131 Team/(12085:12085): Objetivo Global:
[INFO] 03:16:53:131 Team/(12085:12085): Pikachu
[INFO] 03:16:53:131 Team/(12085:12085): Pikachu
[INFO] 03:16:53:131 Team/(12085:12085): Pikachu
[INFO] 03:16:53:131 Team/(12085:12085): Charmander
[INFO] 03:16:53:132 Team/(12085:12093): Reintenando reconectar cada 30 segundos
[INFO] 03:16:58:701 Team/(12085:12094): Llego pokemon a la cola APPEARED!
[INFO] 03:16:58:701 Team/(12085:12095): LLego entrenador!
[INFO] 03:16:58:701 Team/(12085:12095): Entrenador ejecutando
[INFO] 03:16:58:701 Team/(12085:12090): Agarre pokemon!
[INFO] 03:17:05:560 Team/(12085:12094): Llego pokemon a la cola APPEARED!
[INFO] 03:17:05:561 Team/(12085:12095): LLego entrenador!
[INFO] 03:17:05:561 Team/(12085:12095): Entrenador ejecutando
[INFO] 03:17:05:561 Team/(12085:12092): Agarre pokemon!
[INFO] 03:17:07:29 Team/(12085:12094): Llego pokemon a la cola APPEARED!
[INFO] 03:17:07:29 Team/(12085:12095): LLego entrenador!
[INFO] 03:17:07:29 Team/(12085:12095): Entrenador ejecutando
[INFO] 03:17:07:29 Team/(12085:12091): Agarre pokemon!
[INFO] 03:17:10:920 Team/(12085:12094): Llego pokemon a la cola APPEARED!
[INFO] 03:17:10:921 Team/(12085:12094): No se necesita!
[INFO] 03:19:04:761 Team/(12163:12163): Cantidad de entrenadores 3
[INFO] 03:19:04:846 Team/(12163:12163): Objetivo Global:
[INFO] 03:19:04:846 Team/(12163:12163): Pikachu
[INFO] 03:19:04:846 Team/(12163:12163): Pikachu
[INFO] 03:19:04:846 Team/(12163:12163): Pikachu
[INFO] 03:19:04:846 Team/(12163:12163): Charmander
[INFO] 03:19:04:846 Team/(12163:12171): Reintenando reconectar cada 30 segundos
[INFO] 03:19:10:257 Team/(12163:12172): Llego pokemon a la cola APPEARED!
[INFO] 03:19:10:257 Team/(12163:12173): LLego entrenador!
[INFO] 03:19:10:257 Team/(12163:12173): Entrenador ejecutando
[INFO] 03:19:10:257 Team/(12163:12168): Tiempo 0 segundos:
[INFO] 03:19:10:257 Team/(12163:12168): Agarre pokemon!
[INFO] 03:19:51:383 Team/(12209:12209): Cantidad de entrenadores 3
[INFO] 03:19:51:395 Team/(12209:12209): Objetivo Global:
[INFO] 03:19:51:396 Team/(12209:12209): Pikachu
[INFO] 03:19:51:396 Team/(12209:12209): Pikachu
[INFO] 03:19:51:396 Team/(12209:12209): Pikachu
[INFO] 03:19:51:396 Team/(12209:12209): Charmander
[INFO] 03:19:51:399 Team/(12209:12224): Reintenando reconectar cada 30 segundos
[INFO] 03:20:00:270 Team/(12209:12225): Llego pokemon a la cola APPEARED!
[INFO] 03:20:03:366 Team/(12209:12226): LLego entrenador!
[INFO] 03:20:03:366 Team/(12209:12226): Entrenador ejecutando
[INFO] 03:21:32:747 Team/(12265:12265): Cantidad de entrenadores 3
[INFO] 03:21:32:748 Team/(12265:12265): Objetivo Global:
[INFO] 03:21:32:748 Team/(12265:12265): Pikachu
[INFO] 03:21:32:748 Team/(12265:12265): Pikachu
[INFO] 03:21:32:748 Team/(12265:12265): Pikachu
[INFO] 03:21:32:748 Team/(12265:12265): Charmander
[INFO] 03:21:32:751 Team/(12265:12273): Reintenando reconectar cada 30 segundos
[INFO] 03:21:42:679 Team/(12265:12274): Llego pokemon a la cola APPEARED!
[INFO] 03:21:42:679 Team/(12265:12275): LLego entrenador!
[INFO] 03:21:42:679 Team/(12265:12275): Entrenador ejecutando
[INFO] 03:21:42:679 Team/(12265:12270): Tiempo 0 segundos:
[INFO] 03:21:42:680 Team/(12265:12270): Agarre pokemon!
[INFO] 03:21:54:533 Team/(12265:12274): Llego pokemon a la cola APPEARED!
[INFO] 03:21:54:534 Team/(12265:12275): LLego entrenador!
[INFO] 03:21:54:534 Team/(12265:12275): Entrenador ejecutando
[INFO] 03:21:54:534 Team/(12265:12272): Tiempo 0 segundos:
[INFO] 03:21:54:535 Team/(12265:12272): Agarre pokemon!
[INFO] 03:22:17:381 Team/(12300:12300): Cantidad de entrenadores 3
[INFO] 03:22:17:393 Team/(12300:12300): Objetivo Global:
[INFO] 03:22:17:393 Team/(12300:12300): Pikachu
[INFO] 03:22:17:393 Team/(12300:12300): Pikachu
[INFO] 03:22:17:393 Team/(12300:12300): Pikachu
[INFO] 03:22:17:393 Team/(12300:12300): Charmander
[INFO] 03:22:17:398 Team/(12300:12317): Reintenando reconectar cada 30 segundos
[INFO] 03:22:22:943 Team/(12300:12318): Llego pokemon a la cola APPEARED!
[INFO] 03:23:10:905 Team/(12300:12319): LLego entrenador!
[INFO] 03:23:10:906 Team/(12300:12319): Entrenador ejecutando
[INFO] 03:36:10:151 Team/(12505:12505): Cantidad de entrenadores 3
[INFO] 03:36:10:196 Team/(12505:12505): Objetivo Global:
[INFO] 03:36:10:197 Team/(12505:12505): Pikachu
[INFO] 03:36:10:197 Team/(12505:12505): Pikachu
[INFO] 03:36:10:197 Team/(12505:12505): Pikachu
[INFO] 03:36:10:197 Team/(12505:12505): Charmander
[INFO] 03:36:10:197 Team/(12505:12514): Reintenando reconectar cada 30 segundos
[INFO] 03:36:27:39 Team/(12505:12515): Llego pokemon a la cola APPEARED!
[INFO] 03:36:27:39 Team/(12505:12516): LLego entrenador!
[INFO] 03:36:27:39 Team/(12505:12516): Entrenador ejecutando
[INFO] 03:36:27:39 Team/(12505:12511): Tiempo 0 segundos:
[INFO] 03:36:27:40 Team/(12505:12511): Agarre pokemon!
[INFO] 03:37:19:803 Team/(12570:12570): Cantidad de entrenadores 3
[INFO] 03:37:19:813 Team/(12570:12570): Objetivo Global:
[INFO] 03:37:19:814 Team/(12570:12570): Pikachu
[INFO] 03:37:19:814 Team/(12570:12570): Pikachu
[INFO] 03:37:19:814 Team/(12570:12570): Pikachu
[INFO] 03:37:19:814 Team/(12570:12570): Charmander
[INFO] 03:37:19:815 Team/(12570:12590): Reintenando reconectar cada 30 segundos
[INFO] 03:37:26:999 Team/(12570:12591): Llego pokemon a la cola APPEARED!
[INFO] 03:40:31:186 Team/(12570:12592): LLego entrenador!
[INFO] 03:40:31:186 Team/(12570:12592): Entrenador ejecutando
[INFO] 03:47:00:191 Team/(12839:12839): Cantidad de entrenadores 3
[INFO] 03:47:00:209 Team/(12839:12839): Objetivo Global:
[INFO] 03:47:00:209 Team/(12839:12839): Pikachu
[INFO] 03:47:00:209 Team/(12839:12839): Pikachu
[INFO] 03:47:00:210 Team/(12839:12839): Pikachu
[INFO] 03:47:00:210 Team/(12839:12839): Charmander
[INFO] 03:47:00:216 Team/(12839:12847): Reintenando reconectar cada 30 segundos
[INFO] 03:47:07:631 Team/(12839:12848): Llego pokemon a la cola APPEARED!
[INFO] 03:47:07:631 Team/(12839:12849): LLego entrenador!
[INFO] 03:47:07:631 Team/(12839:12849): Entrenador ejecutando
[INFO] 03:47:07:631 Team/(12839:12844): Tiempo 0 segundos:
[INFO] 03:47:07:632 Team/(12839:12844): Agarre pokemon!
[INFO] 03:47:36:142 Team/(12839:12847): Me conecte al broker!
[INFO] 03:47:36:143 Team/(12839:12847): Me suscribi a la cola LOCALIZED!
