[INFO] 02:27:09:747 Broker/(5952:5952): Servidor con IP 127.0.0.1 y puerto 5003
[INFO] 17:53:35:559 Broker/(9690:9690): Servidor con IP 127.0.0.1 y puerto 5003
[INFO] 19:25:32:937 Broker/(11324:11324): Servidor con IP 127.0.0.1 y puerto 5003
[INFO] 20:31:26:357 Broker/(4366:4366): Servidor con IP 127.0.0.1 y puerto 5003
[INFO] 20:32:31:170 Broker/(4409:4409): Servidor con IP 127.0.0.1 y puerto 5003
[INFO] 20:34:34:236 Broker/(4879:4879): Servidor con IP 127.0.0.1 y puerto 5003
[INFO] 22:01:40:430 Broker/(8504:8504): Servidor con IP 127.0.0.1 y puerto 5003
[INFO] 22:34:41:267 Broker/(10106:10106): Servidor con IP 127.0.0.1 y puerto 5003
[INFO] 22:36:09:692 Broker/(10234:10234): Servidor con IP 127.0.0.1 y puerto 5003
[INFO] 22:38:48:685 Broker/(10530:10530): Servidor con IP 127.0.0.1 y puerto 5003
[INFO] 22:39:40:226 Broker/(10563:10563): Servidor con IP 127.0.0.1 y puerto 5003
[INFO] 23:10:15:939 Broker/(11889:11889): Servidor con IP 127.0.0.1 y puerto 5003
[INFO] 23:11:04:429 Broker/(11927:11927): Servidor con IP 127.0.0.1 y puerto 5003
[INFO] 23:14:11:13 Broker/(12212:12212): Servidor con IP 127.0.0.1 y puerto 5003
[INFO] 23:15:16:18 Broker/(12325:12325): Servidor con IP 127.0.0.1 y puerto 5003
[INFO] 23:15:37:785 Broker/(12352:12352): Servidor con IP 127.0.0.1 y puerto 5003
[INFO] 23:15:40:19 Broker/(12353:12353): Servidor con IP 127.0.0.1 y puerto 5003
[INFO] 23:15:58:472 Broker/(12355:12355): Servidor con IP 127.0.0.1 y puerto 5003
[INFO] 23:18:07:851 Broker/(12446:12446): Servidor con IP 127.0.0.1 y puerto 5003
[INFO] 23:18:21:983 Broker/(12452:12452): Servidor con IP 127.0.0.1 y puerto 5003
[INFO] 23:18:30:147 Broker/(12455:12455): Servidor con IP 127.0.0.1 y puerto 5003
[INFO] 23:18:39:808 Broker/(12459:12459): Servidor con IP 127.0.0.1 y puerto 5003
[INFO] 23:18:55:175 Broker/(12476:12476): Servidor con IP 127.0.0.1 y puerto 5003
[INFO] 23:21:48:871 Broker/(12585:12585): Servidor con IP 127.0.0.1 y puerto 5003
[INFO] 23:22:07:46 Broker/(12613:12613): Servidor con IP 127.0.0.1 y puerto 5003
[INFO] 23:22:35:3 Broker/(12620:12620): Servidor con IP 127.0.0.1 y puerto 5003
[INFO] 23:23:08:960 Broker/(12662:12662): Servidor con IP 127.0.0.1 y puerto 5003
[INFO] 23:23:08:969 Broker/(12662:12662): hola
[INFO] 23:23:32:445 Broker/(12685:12685): Servidor con IP 127.0.0.1 y puerto 5003
[INFO] 23:23:32:445 Broker/(12685:12685): hola
[INFO] 23:26:32:597 Broker/(12801:12801): Servidor con IP 127.0.0.1 y puerto 5003
[INFO] 23:32:03:5 Broker/(13268:13268): Servidor con IP 127.0.0.1 y puerto 5003
[INFO] 23:32:05:45 Broker/(13268:13268): hola
[INFO] 23:32:05:46 Broker/(13268:13268): hola
[INFO] 23:32:17:704 Broker/(13268:13268): hola
[INFO] 23:32:29:726 Broker/(13268:13268): hola
[INFO] 17:35:44:675 Broker/(5188:5188): Servidor con IP 127.0.0.1 y puerto 5003
[INFO] 17:36:09:486 Broker/(5188:5188): socketero: 5

[INFO] 17:36:12:88 Broker/(5188:5188): socketero: 7

[INFO] 17:36:32:194 Broker/(5188:5188): socketero: 8

[INFO] 17:36:43:748 Broker/(5188:5188): socketero: 9

[INFO] 17:36:45:715 Broker/(5188:5188): socketero: 10

[INFO] 17:46:09:584 Broker/(5839:5839): Servidor con IP 127.0.0.1 y puerto 5003
[INFO] 17:46:13:184 Broker/(5839:5839): socketero: 5

[INFO] 17:46:23:244 Broker/(5839:5839): socketero: 7

[INFO] 17:46:24:772 Broker/(5839:5839): socketero: 8

[INFO] 17:46:25:476 Broker/(5839:5839): socketero: 9

[INFO] 17:46:26:44 Broker/(5839:5839): socketero: 10

[INFO] 17:48:54:687 Broker/(5839:5839): socketero: 11

[INFO] 17:48:56:466 Broker/(5839:5839): socketero: 12

[INFO] 17:49:08:697 Broker/(5839:5839): socketero: 13

[INFO] 17:49:13:690 Broker/(5839:5839): socketero: 14

[INFO] 17:53:14:934 Broker/(6506:6506): Servidor con IP 127.0.0.1 y puerto 5003
[INFO] 17:53:17:490 Broker/(6506:6506): socketero: 5

[INFO] 17:53:52:861 Broker/(6506:6506): socketero: 7

[INFO] 17:54:00:393 Broker/(6506:6506): socketero: 8

[INFO] 17:56:07:588 Broker/(6631:6631): Servidor con IP 127.0.0.1 y puerto 5003
[INFO] 17:56:11:528 Broker/(6631:6631): socketero: 5

[INFO] 19:51:48:352 Broker/(12408:12408): Servidor con IP 127.0.0.1 y puerto 5003
[INFO] 19:51:54:755 Broker/(12412:12412): Servidor con IP 127.0.0.1 y puerto 5003
[INFO] 19:51:59:467 Broker/(12412:12412): socketero: 5

[INFO] 19:52:07:740 Broker/(12412:12412): socketero: 7

[INFO] 19:52:20:317 Broker/(12412:12412): socketero: 8

[INFO] 19:52:38:175 Broker/(12412:12412): socketero: 9

[INFO] 19:52:39:131 Broker/(12412:12412): socketero: 10

[INFO] 19:52:39:763 Broker/(12412:12412): socketero: 11

[INFO] 19:52:40:341 Broker/(12412:12412): socketero: 12

[INFO] 19:52:41:642 Broker/(12412:12412): socketero: 13

[INFO] 19:52:42:233 Broker/(12412:12412): socketero: 14

[INFO] 19:52:42:802 Broker/(12412:12412): socketero: 15

[INFO] 19:52:43:339 Broker/(12412:12412): socketero: 16

[INFO] 19:52:43:852 Broker/(12412:12412): socketero: 17

[INFO] 19:52:44:451 Broker/(12412:12412): socketero: 18

[INFO] 19:52:45:20 Broker/(12412:12412): socketero: 19

[INFO] 19:52:45:515 Broker/(12412:12412): socketero: 20

[INFO] 19:52:46:60 Broker/(12412:12412): socketero: 21

[INFO] 19:52:46:588 Broker/(12412:12412): socketero: 22

[INFO] 19:52:47:53 Broker/(12412:12412): socketero: 23

[INFO] 19:52:47:597 Broker/(12412:12412): socketero: 24

[INFO] 19:52:48:101 Broker/(12412:12412): socketero: 25

[INFO] 19:52:48:526 Broker/(12412:12412): socketero: 26

[INFO] 19:52:48:910 Broker/(12412:12412): socketero: 27

[INFO] 19:52:49:334 Broker/(12412:12412): socketero: 28

[INFO] 19:52:49:911 Broker/(12412:12412): socketero: 29

[INFO] 19:52:50:599 Broker/(12412:12412): socketero: 30

[INFO] 19:52:51:63 Broker/(12412:12412): socketero: 31

[INFO] 19:52:51:639 Broker/(12412:12412): socketero: 32

[INFO] 19:52:52:63 Broker/(12412:12412): socketero: 33

[INFO] 19:52:52:504 Broker/(12412:12412): socketero: 34

[INFO] 19:52:52:936 Broker/(12412:12412): socketero: 35

[INFO] 19:52:53:401 Broker/(12412:12412): socketero: 36

[INFO] 19:52:53:833 Broker/(12412:12412): socketero: 37

[INFO] 19:52:54:320 Broker/(12412:12412): socketero: 38

[INFO] 19:52:54:729 Broker/(12412:12412): socketero: 39

[INFO] 19:52:55:170 Broker/(12412:12412): socketero: 40

[INFO] 19:52:55:674 Broker/(12412:12412): socketero: 41

[INFO] 19:52:56:226 Broker/(12412:12412): socketero: 42

[INFO] 19:56:16:988 Broker/(12652:12652): Servidor con IP 127.0.0.1 y puerto 5003
[INFO] 19:56:20:698 Broker/(12652:12652): socketero: 5

[INFO] 19:56:22:615 Broker/(12652:12652): socketero: 7

[INFO] 19:56:29:757 Broker/(12652:12652): socketero: 8

[INFO] 21:30:23:511 Broker/(17706:17706): Servidor con IP 127.0.0.1 y puerto 5003
[INFO] 21:30:29:24 Broker/(17706:17706): socketero: 5

[INFO] 21:32:21:383 Broker/(17983:17983): Servidor con IP 127.0.0.1 y puerto 5003
[INFO] 21:32:35:675 Broker/(17983:17983): socketero: 5

[INFO] 21:35:01:737 Broker/(18169:18169): Servidor con IP 127.0.0.1 y puerto 5003
[INFO] 21:35:04:952 Broker/(18169:18169): socketero: 5

[INFO] 21:36:53:243 Broker/(18313:18313): Servidor con IP 127.0.0.1 y puerto 5003
[INFO] 21:36:55:673 Broker/(18313:18313): socketero: 5

[INFO] 21:37:03:254 Broker/(18313:18313): socketero: 7

[INFO] 21:37:04:4 Broker/(18313:18313): socketero: 8

[INFO] 21:37:08:85 Broker/(18313:18313): socketero: 9

[INFO] 21:37:21:599 Broker/(18313:18313): socketero: 10

[INFO] 21:37:23:271 Broker/(18313:18313): socketero: 11

[INFO] 21:37:24:22 Broker/(18313:18313): socketero: 12

[INFO] 21:37:24:698 Broker/(18313:18313): socketero: 13

[INFO] 21:37:25:429 Broker/(18313:18313): socketero: 14

[INFO] 18:23:01:45 Broker/(5118:5118): Servidor con IP 127.0.0.1 y puerto 5003
[INFO] 18:23:09:905 Broker/(5118:5118): socketero: 5

[INFO] 18:23:24:971 Broker/(5129:5129): Servidor con IP 127.0.0.1 y puerto 5003
[INFO] 18:23:27:428 Broker/(5129:5129): socketero: 5

[INFO] 18:23:46:856 Broker/(5162:5162): Servidor con IP 127.0.0.1 y puerto 5003
[INFO] 18:23:51:83 Broker/(5162:5162): socketero: 5

[INFO] 18:24:04:652 Broker/(5171:5171): Servidor con IP 127.0.0.1 y puerto 5003
[INFO] 18:24:07:533 Broker/(5171:5171): socketero: 5

[INFO] 18:39:47:822 Broker/(6336:6336): Servidor con IP 127.0.0.1 y puerto 5003
[INFO] 18:39:51:919 Broker/(6336:6336): socketero: 5
[INFO] 18:39:51:919 Broker/(6336:6336): Se Suscribio a la lista GET
[INFO] 18:40:27:953 Broker/(6336:6336): socketero: 7
[INFO] 18:40:27:954 Broker/(6336:6336): Se envio mensaje a todos los suscriptos!
[INFO] 18:42:12:803 Broker/(6540:6540): Servidor con IP 127.0.0.1 y puerto 5003
[INFO] 18:42:20:566 Broker/(6540:6540): socketero: 5
[INFO] 18:42:20:566 Broker/(6540:6540): Se Suscribio a la lista GET
[INFO] 18:42:24:859 Broker/(6540:6540): socketero: 7
[INFO] 18:42:24:860 Broker/(6540:6540): Se envio mensaje a todos los suscriptos!
[INFO] 18:45:53:251 Broker/(6852:6852): Servidor con IP 127.0.0.1 y puerto 5003
[INFO] 18:46:04:345 Broker/(6852:6852): socketero: 5
[INFO] 18:46:04:345 Broker/(6852:6852): Se Suscribio a la lista GET 7
[INFO] 18:47:57:515 Broker/(6957:6957): Servidor con IP 127.0.0.1 y puerto 5003
[INFO] 18:48:02:125 Broker/(6957:6957): socketero: 5
[INFO] 18:48:02:126 Broker/(6957:6957): Se Suscribio a la lista GET 7
[INFO] 18:48:05:50 Broker/(6957:6957): socketero: 7
[INFO] 18:48:05:50 Broker/(6957:6957): Se envio mensaje a todos los suscriptos!
[INFO] 18:51:37:67 Broker/(7025:7025): Servidor con IP 127.0.0.1 y puerto 5003
[INFO] 18:51:39:554 Broker/(7025:7025): socketero: 5
[INFO] 18:51:39:554 Broker/(7025:7025): Se Suscribio a la lista GET 7
[INFO] 18:53:10:975 Broker/(7073:7073): Servidor con IP 127.0.0.1 y puerto 5003
[INFO] 18:53:13:87 Broker/(7073:7073): socketero: 5
[INFO] 18:53:30:730 Broker/(7073:7073): socketero: 7
[INFO] 19:57:53:633 Broker/(5159:5159): Servidor con IP 127.0.0.1 y puerto 5003
[INFO] 19:57:53:641 Broker/(5159:5159): socketero: -1
[INFO] 19:58:11:698 Broker/(5163:5163): Servidor con IP 127.0.0.1 y puerto 5003
[INFO] 19:58:11:699 Broker/(5163:5163): socketero: -1
[INFO] 20:14:16:542 Broker/(6010:6010): Servidor con IP 127.0.0.1 y puerto 5003
[INFO] 20:15:37:309 Broker/(6010:6010): socketero: 5
[INFO] 20:15:46:535 Broker/(6010:6010): Se Suscribio a la lista GET 5
[INFO] 20:16:24:282 Broker/(6010:6010): socketero: 7
[INFO] 20:16:24:283 Broker/(6010:6010): Se envio mensaje a todos los suscriptos!
[INFO] 20:17:14:468 Broker/(6010:6010): socketero: 8
[INFO] 20:17:14:468 Broker/(6010:6010): Se Suscribio a la lista GET 8
[INFO] 20:29:10:452 Broker/(6596:6596): Servidor con IP 127.0.0.1 y puerto 5003
[INFO] 20:30:25:422 Broker/(6596:6596): socketero: 5
[INFO] 20:30:25:422 Broker/(6596:6596): Se Suscribio a la lista GET 5
[INFO] 20:30:34:238 Broker/(6596:6596): socketero: 7
[INFO] 20:30:34:238 Broker/(6596:6596): Se Suscribio a la lista GET 7
[INFO] 20:30:42:248 Broker/(6596:6596): socketero: 8
[INFO] 20:30:42:248 Broker/(6596:6596): Se envio mensaje a todos los suscriptos!
[INFO] 20:32:10:5 Broker/(6596:6596): socketero: 9
[INFO] 20:32:10:7 Broker/(6596:6596): Se envio mensaje a todos los suscriptos!
[INFO] 14:18:25:354 Broker/(4853:4853): Servidor con IP 127.0.0.1 y puerto 5003
[INFO] 14:19:57:615 Broker/(4853:4853): socketero: 5
[INFO] 14:19:57:615 Broker/(4853:4853): Se envio mensaje a todos los suscriptos!
[INFO] 14:20:07:442 Broker/(4853:4853): socketero: 7
[INFO] 14:20:07:443 Broker/(4853:4853): Se Suscribio a la lista GET 7
[INFO] 14:20:16:895 Broker/(4853:4853): socketero: 8
[INFO] 14:20:16:895 Broker/(4853:4853): Se envio mensaje a todos los suscriptos!
[INFO] 14:20:22:572 Broker/(4853:4853): socketero: 9
[INFO] 14:20:22:572 Broker/(4853:4853): Se envio mensaje a todos los suscriptos!
[INFO] 14:23:06:148 Broker/(4853:4853): socketero: 10
[INFO] 14:23:08:747 Broker/(4853:4853): socketero: 11
[INFO] 14:23:22:805 Broker/(4853:4853): socketero: 12
[INFO] 14:23:30:516 Broker/(4853:4853): socketero: 13
[INFO] 14:26:16:235 Broker/(4853:4853): socketero: 14
[INFO] 14:26:20:497 Broker/(4853:4853): socketero: 15
[INFO] 14:44:17:534 Broker/(4853:4853): socketero: 16
[INFO] 14:44:19:981 Broker/(4853:4853): socketero: 17
[INFO] 14:44:24:660 Broker/(4853:4853): socketero: 18
[INFO] 14:45:13:879 Broker/(4853:4853): socketero: 19
[INFO] 14:45:15:127 Broker/(4853:4853): socketero: 20
[INFO] 14:46:02:401 Broker/(4853:4853): socketero: 21
[INFO] 14:46:14:445 Broker/(4853:4853): socketero: 22
[INFO] 14:46:19:323 Broker/(4853:4853): socketero: 23
[INFO] 14:46:24:530 Broker/(4853:4853): socketero: 24
[INFO] 14:47:12:810 Broker/(4853:4853): socketero: 25
[INFO] 14:48:01:632 Broker/(4853:4853): socketero: 26
[INFO] 15:52:03:33 Broker/(4853:4853): socketero: 27
[INFO] 15:54:26:21 Broker/(9331:9331): Servidor con IP 127.0.0.1 y puerto 5003
[INFO] 15:54:28:771 Broker/(9331:9331): socketero: 5
[INFO] 15:54:31:5 Broker/(9331:9331): socketero: 7
[INFO] 15:54:36:949 Broker/(9331:9331): socketero: 8
[INFO] 15:55:44:143 Broker/(9331:9331): socketero: 9
[INFO] 15:56:47:846 Broker/(9331:9331): socketero: 10
[INFO] 15:57:48:328 Broker/(9331:9331): socketero: 11
[INFO] 15:57:50:440 Broker/(9331:9331): socketero: 12
[INFO] 15:57:51:856 Broker/(9331:9331): socketero: 13
[INFO] 15:59:10:421 Broker/(9331:9331): socketero: 14
[INFO] 16:00:10:694 Broker/(9331:9331): socketero: 15
[INFO] 16:01:25:512 Broker/(9759:9759): Servidor con IP 127.0.0.1 y puerto 5003
[INFO] 16:01:27:976 Broker/(9759:9759): socketero: 5
[INFO] 16:01:30:363 Broker/(9759:9759): socketero: 7
[INFO] 16:02:25:833 Broker/(9759:9759): socketero: 8
[INFO] 16:03:01:510 Broker/(9759:9759): socketero: 9
[INFO] 16:03:29:673 Broker/(9759:9759): socketero: 10
[INFO] 16:04:59:712 Broker/(10096:10096): Servidor con IP 127.0.0.1 y puerto 5003
[INFO] 16:05:02:200 Broker/(10096:10096): socketero: 5
[INFO] 16:05:05:843 Broker/(10096:10096): socketero: 7
[INFO] 16:05:49:447 Broker/(10096:10096): socketero: 8
[INFO] 16:06:09:851 Broker/(10096:10096): socketero: 9
[INFO] 16:06:33:344 Broker/(10096:10096): socketero: 10
[INFO] 16:08:20:433 Broker/(10096:10096): socketero: 11
[INFO] 16:12:04:763 Broker/(10096:10096): socketero: 12
[INFO] 16:12:07:968 Broker/(10096:10096): socketero: 13
[INFO] 16:12:30:418 Broker/(10096:10096): socketero: 14
[INFO] 16:16:17:629 Broker/(10096:10096): socketero: 15
[INFO] 16:30:37:846 Broker/(11655:11655): Servidor con IP 127.0.0.1 y puerto 5003
[INFO] 16:30:40:722 Broker/(11655:11655): socketero: 5
[INFO] 16:34:19:307 Broker/(11844:11844): Servidor con IP 127.0.0.1 y puerto 5003
[INFO] 16:34:22:824 Broker/(11844:11844): socketero: 5
[INFO] 16:56:34:730 Broker/(11844:11844): socketero: 7
[INFO] 16:56:34:730 Broker/(11844:11844): Se Suscribio a la lista GET 7
[INFO] 16:56:46:197 Broker/(11844:11844): socketero: 8
[INFO] 16:56:50:833 Broker/(11844:11844): socketero: 9
[INFO] 16:56:50:833 Broker/(11844:11844): Se envio mensaje a todos los suscriptos!
[INFO] 13:06:58:312 Broker/(10328:10328): Servidor con IP 127.0.0.1 y puerto 5003
[INFO] 13:07:01:906 Broker/(10328:10328): socketero: 5
[INFO] 13:08:54:126 Broker/(10506:10506): Servidor con IP 127.0.0.1 y puerto 5003
[INFO] 13:08:54:126 Broker/(10506:10506): socketero: -1
[INFO] 16:56:40:463 Broker/(6556:6556): Servidor con IP 127.0.0.1 y puerto 5003
[INFO] 16:56:46:870 Broker/(6556:6556): socketero: 5
[INFO] 18:12:57:480 Broker/(11602:11602): Servidor con IP 127.0.0.1 y puerto 5003
[INFO] 18:13:02:634 Broker/(11602:11602): socketero: 5
[INFO] 03:08:45:452 Broker/(15982:15982): Servidor con IP 127.0.0.1 y puerto 5003
[INFO] 03:08:45:460 Broker/(15982:15982): socketero: -1
[INFO] 03:08:54:889 Broker/(15992:15992): Servidor con IP 127.0.0.1 y puerto 5003
[INFO] 03:08:54:890 Broker/(15992:15992): socketero: -1
[INFO] 03:09:03:903 Broker/(15993:15993): Servidor con IP 127.0.0.1 y puerto 5003
[INFO] 03:09:19:829 Broker/(15993:15993): socketero: 5
[INFO] 03:15:58:235 Broker/(16674:16674): Servidor con IP 127.0.0.1 y puerto 5003
[INFO] 03:16:01:755 Broker/(16674:16674): socketero: 5
[INFO] 03:28:09:996 Broker/(17457:17457): Servidor con IP 127.0.0.1 y puerto 5003
[INFO] 03:29:23:365 Broker/(17457:17457): socketero: 5
[INFO] 03:29:52:923 Broker/(17457:17457): Se Suscribio a la lista GET 5
[INFO] 22:32:20:593 Broker/(10336:10336): Servidor con IP 127.0.0.1 y puerto 5003
[INFO] 22:32:22:510 Broker/(10336:10336): socketero: 5
[INFO] 22:35:34:580 Broker/(10511:10511): Servidor con IP 127.0.0.1 y puerto 5003
[INFO] 22:35:40:385 Broker/(10511:10511): socketero: 5
[INFO] 16:48:35:345 Broker/(6254:6254): Servidor con IP 127.0.0.1 y puerto 5003
[INFO] 16:48:39:822 Broker/(6254:6254): socketero: 5
[INFO] 16:48:39:823 Broker/(6254:6254): Se envio mensaje a todos los suscriptos!
[INFO] 16:51:40:339 Broker/(6254:6254): socketero: 7
[INFO] 16:51:40:345 Broker/(6254:6254): Se envio mensaje a todos los suscriptos!
[INFO] 18:34:26:78 Broker/(9895:9895): Servidor con IP 127.0.0.1 y puerto 5003
[INFO] 18:34:41:286 Broker/(9895:9895): socketero: 5
[INFO] 18:34:41:289 Broker/(9895:9895): Se envio mensaje a todos los suscriptos!
[INFO] 20:14:30:908 Broker/(11508:11508): Servidor con IP 127.0.0.1 y puerto 5003
[INFO] 20:14:34:862 Broker/(11508:11508): socketero: 5
[INFO] 20:14:34:863 Broker/(11508:11508): Se envio mensaje a todos los suscriptos!
[INFO] 01:33:27:107 Broker/(8909:8909): Servidor con IP 127.0.0.1 y puerto 5003
[INFO] 01:33:30:853 Broker/(8909:8909): socketero: 5
[INFO] 01:33:30:857 Broker/(8909:8909): Se envio mensaje a todos los suscriptos!
[INFO] 03:47:22:415 Broker/(12861:12861): Servidor con IP 127.0.0.1 y puerto 5003
[INFO] 03:47:36:142 Broker/(12861:12861): socketero: 5
[INFO] 03:47:36:143 Broker/(12861:12861): Se envio mensaje a todos los suscriptos!
[INFO] 16:41:34:35 Broker/(5762:5762): Servidor con IP 127.0.0.1 y puerto 5003
[INFO] 16:41:40:277 Broker/(5762:5762): socketero: 5
[INFO] 16:41:40:277 Broker/(5762:5762): socketero: 7
[INFO] 16:41:40:277 Broker/(5762:5762): Se envio mensaje a todos los suscriptos!
[INFO] 16:41:40:277 Broker/(5762:5762): socketero: 8
[INFO] 16:42:04:878 Broker/(5762:5762): socketero: 9
[INFO] 16:42:21:653 Broker/(5762:5762): socketero: 10
[INFO] 16:43:12:279 Broker/(5845:5845): Servidor con IP 127.0.0.1 y puerto 5003
[INFO] 16:43:12:280 Broker/(5845:5845): socketero: -1
[INFO] 16:44:15:485 Broker/(5924:5924): Servidor con IP 127.0.0.1 y puerto 5003
[INFO] 16:44:55:35 Broker/(5924:5924): socketero: 5
[INFO] 16:44:55:39 Broker/(5924:5924): socketero: 7
[INFO] 16:44:55:40 Broker/(5924:5924): Se envio mensaje a todos los suscriptos!
[INFO] 16:44:55:49 Broker/(5924:5924): socketero: 8
[INFO] 16:46:11:683 Broker/(5924:5924): socketero: 9
[INFO] 16:46:11:695 Broker/(5924:5924): Se Suscribio a la lista GET 9
[INFO] 16:46:11:695 Broker/(5924:5924): socketero: 10
[INFO] 16:46:11:695 Broker/(5924:5924): socketero: 11
[INFO] 16:46:23:882 Broker/(6016:6016): Servidor con IP 127.0.0.1 y puerto 5003
[INFO] 16:46:29:519 Broker/(6016:6016): socketero: 5
[INFO] 16:46:29:520 Broker/(6016:6016): socketero: 7
[INFO] 16:46:29:520 Broker/(6016:6016): Se Suscribio a la lista GET 7
[INFO] 16:46:29:520 Broker/(6016:6016): socketero: 8
[INFO] 17:59:53:474 Broker/(8628:8628): Servidor con IP 127.0.0.1 y puerto 5003
[INFO] 17:59:59:42 Broker/(8628:8628): socketero: 5
[INFO] 18:01:09:229 Broker/(8725:8725): Servidor con IP 127.0.0.1 y puerto 5003
[INFO] 18:01:13:981 Broker/(8725:8725): socketero: 5
[INFO] 18:02:35:731 Broker/(8858:8858): Servidor con IP 127.0.0.1 y puerto 5003
[INFO] 18:02:40:574 Broker/(8858:8858): socketero: 5
[INFO] 18:37:07:938 Broker/(10091:10091): Servidor con IP 127.0.0.1 y puerto 5003
[INFO] 18:37:53:45 Broker/(10091:10091): socketero: 5
[INFO] 18:37:53:46 Broker/(10091:10091): Se Suscribio a la lista LOCALIZED 5
[INFO] 18:37:53:50 Broker/(10091:10091): socketero: 7
[INFO] 18:37:53:51 Broker/(10091:10091): Se Suscribio a la lista APPEARED 7
[INFO] 18:38:19:649 Broker/(10091:10091): socketero: 8
[INFO] 18:38:19:654 Broker/(10091:10091): Se envio mensaje a todos los suscriptos!
[INFO] 18:38:19:655 Broker/(10091:10091): Se notifico el id del mensaje!
[INFO] 18:40:08:305 Broker/(10091:10091): socketero: 9
[INFO] 18:40:08:310 Broker/(10091:10091): Se envio mensaje a todos los suscriptos!
[INFO] 18:40:08:310 Broker/(10091:10091): Se notifico el id del mensaje!
[INFO] 18:42:38:703 Broker/(10091:10091): socketero: 10
[INFO] 18:42:38:703 Broker/(10091:10091): Se Suscribio a la lista APPEARED 10
[INFO] 18:43:11:887 Broker/(10091:10091): socketero: 11
[INFO] 18:43:11:889 Broker/(10091:10091): Se envio mensaje a todos los suscriptos!
[INFO] 18:43:11:891 Broker/(10091:10091): Se notifico el id del mensaje!
[INFO] 18:43:50:767 Broker/(10091:10091): socketero: 12
[INFO] 18:49:19:61 Broker/(10522:10522): Servidor con IP 127.0.0.1 y puerto 5003
[INFO] 18:49:34:373 Broker/(10522:10522): socketero: 5
[INFO] 18:49:34:374 Broker/(10522:10522): Se Suscribio a la lista APPEARED 5
[INFO] 19:02:38:192 Broker/(11055:11055): Servidor con IP 127.0.0.1 y puerto 5003
[INFO] 19:02:44:360 Broker/(11055:11055): socketero: 5
[INFO] 19:02:44:363 Broker/(11055:11055): Se Suscribio a la lista APPEARED 5
[INFO] 19:02:51:450 Broker/(11055:11055): socketero: 7
[INFO] 19:02:51:451 Broker/(11055:11055): Se envio mensaje a todos los suscriptos!
[INFO] 19:02:51:451 Broker/(11055:11055): Se notifico el id del mensaje!
[INFO] 19:04:03:556 Broker/(11055:11055): socketero: 8
[INFO] 19:04:03:558 Broker/(11055:11055): Se Suscribio a la lista APPEARED 8
[INFO] 19:06:52:521 Broker/(11055:11055): socketero: 9
[INFO] 19:06:52:522 Broker/(11055:11055): Se Suscribio a la lista APPEARED 9
[INFO] 19:13:35:682 Broker/(11443:11443): Servidor con IP 127.0.0.1 y puerto 5003
[INFO] 19:13:43:725 Broker/(11443:11443): socketero: 5
[INFO] 19:13:43:726 Broker/(11443:11443): Se Suscribio a la lista APPEARED 5
[INFO] 19:13:53:131 Broker/(11443:11443): socketero: 7
[INFO] 19:13:53:134 Broker/(11443:11443): Se envio mensaje a todos los suscriptos!
[INFO] 19:13:53:136 Broker/(11443:11443): Se notifico el id del mensaje!
[INFO] 19:14:16:882 Broker/(11443:11443): socketero: 8
[INFO] 19:14:16:883 Broker/(11443:11443): Se Suscribio a la lista APPEARED 8
[INFO] 19:14:34:639 Broker/(11443:11443): socketero: 9
[INFO] 19:14:34:640 Broker/(11443:11443): Se envio mensaje a todos los suscriptos!
[INFO] 19:14:34:640 Broker/(11443:11443): Se notifico el id del mensaje!
[INFO] 19:16:23:938 Broker/(11443:11443): socketero: 10
[INFO] 19:16:23:940 Broker/(11443:11443): Se Suscribio a la lista APPEARED 10
[INFO] 19:16:36:661 Broker/(11443:11443): socketero: 11
[INFO] 19:23:01:356 Broker/(11896:11896): Servidor con IP 127.0.0.1 y puerto 5003
[INFO] 19:24:37:784 Broker/(11896:11896): socketero: 5
[INFO] 19:24:37:784 Broker/(11896:11896): Se Suscribio a la lista APPEARED 5
[INFO] 19:24:42:607 Broker/(11896:11896): socketero: 7
[INFO] 19:24:42:618 Broker/(11896:11896): Se envio mensaje a todos los suscriptos!
[INFO] 19:24:42:625 Broker/(11896:11896): Se notifico el id del mensaje!
[INFO] 23:15:02:460 Broker/(5662:5662): Servidor con IP 127.0.0.1 y puerto 5003
[INFO] 23:15:24:429 Broker/(5662:5662): socketero: 5
[INFO] 23:15:24:444 Broker/(5662:5662): Se Suscribio a la lista APPEARED 5
[INFO] 23:16:13:651 Broker/(5662:5662): socketero: 7
[INFO] 23:16:13:652 Broker/(5662:5662): Se envio mensaje a todos los suscriptos!
[INFO] 23:16:13:653 Broker/(5662:5662): Se notifico el id del mensaje!
[INFO] 23:16:37:947 Broker/(5743:5743): Servidor con IP 127.0.0.1 y puerto 5003
[INFO] 23:21:58:587 Broker/(5743:5743): socketero: 5
[INFO] 23:21:58:599 Broker/(5743:5743): Se Suscribio a la lista APPEARED 5
[INFO] 23:22:31:515 Broker/(5743:5743): socketero: 7
[INFO] 23:22:31:520 Broker/(5743:5743): Se envio mensaje a todos los suscriptos!
[INFO] 23:22:31:520 Broker/(5743:5743): Se notifico el id del mensaje!
[INFO] 23:24:12:38 Broker/(5743:5743): socketero: 8
[INFO] 23:24:12:38 Broker/(5743:5743): Se Suscribio a la lista APPEARED 8
[INFO] 23:24:20:421 Broker/(5743:5743): socketero: 9
[INFO] 23:24:20:422 Broker/(5743:5743): Se envio mensaje a todos los suscriptos!
[INFO] 23:24:20:423 Broker/(5743:5743): Se notifico el id del mensaje!
[INFO] 23:25:48:806 Broker/(6295:6295): Servidor con IP 127.0.0.1 y puerto 5003
[INFO] 23:25:58:164 Broker/(6295:6295): socketero: 5
[INFO] 23:25:58:164 Broker/(6295:6295): Se Suscribio a la lista APPEARED 5
[INFO] 23:26:06:129 Broker/(6295:6295): socketero: 7
[INFO] 23:26:06:130 Broker/(6295:6295): Se envio mensaje a todos los suscriptos!
[INFO] 23:26:06:130 Broker/(6295:6295): Se notifico el id del mensaje!
[INFO] 23:26:31:981 Broker/(6330:6330): Servidor con IP 127.0.0.1 y puerto 5003
[INFO] 23:28:21:254 Broker/(6330:6330): socketero: 5
[INFO] 23:28:21:287 Broker/(6330:6330): Se Suscribio a la lista APPEARED 5
[INFO] 23:28:57:252 Broker/(6330:6330): socketero: 7
[INFO] 23:28:57:258 Broker/(6330:6330): Se envio mensaje a todos los suscriptos!
[INFO] 23:28:57:259 Broker/(6330:6330): Se notifico el id del mensaje!
[INFO] 23:30:25:800 Broker/(6429:6429): Servidor con IP 127.0.0.1 y puerto 5003
[INFO] 23:30:38:90 Broker/(6429:6429): socketero: 5
[INFO] 23:30:38:111 Broker/(6429:6429): Se Suscribio a la lista APPEARED 5
[INFO] 23:31:01:130 Broker/(6429:6429): socketero: 7
[INFO] 23:31:01:132 Broker/(6429:6429): Se envio mensaje a todos los suscriptos!
[INFO] 23:31:01:133 Broker/(6429:6429): Se notifico el id del mensaje!
[INFO] 23:34:14:43 Broker/(6576:6576): Servidor con IP 127.0.0.1 y puerto 5003
[INFO] 23:34:26:579 Broker/(6576:6576): socketero: 5
[INFO] 23:34:26:579 Broker/(6576:6576): Se Suscribio a la lista APPEARED 5
[INFO] 23:34:31:906 Broker/(6576:6576): socketero: 7
[INFO] 23:34:31:907 Broker/(6576:6576): Se envio mensaje a todos los suscriptos!
[INFO] 23:34:43:385 Broker/(6600:6600): Servidor con IP 127.0.0.1 y puerto 5003
[INFO] 23:34:51:469 Broker/(6600:6600): socketero: 5
[INFO] 23:34:51:509 Broker/(6600:6600): Se Suscribio a la lista APPEARED 5
[INFO] 23:34:59:645 Broker/(6600:6600): socketero: 7
[INFO] 23:34:59:648 Broker/(6600:6600): Se envio mensaje a todos los suscriptos!
[INFO] 23:36:22:746 Broker/(6673:6673): Servidor con IP 127.0.0.1 y puerto 5003
[INFO] 23:36:52:326 Broker/(6673:6673): socketero: 5
[INFO] 23:36:52:326 Broker/(6673:6673): Se Suscribio a la lista APPEARED 5
[INFO] 23:37:17:230 Broker/(6673:6673): socketero: 7
[INFO] 23:37:17:234 Broker/(6673:6673): Se envio mensaje a todos los suscriptos!
[INFO] 23:38:53:946 Broker/(6673:6673): socketero: 8
[INFO] 23:38:53:953 Broker/(6673:6673): Se envio mensaje a todos los suscriptos!
[INFO] 23:39:30:606 Broker/(6673:6673): socketero: 9
[INFO] 23:39:30:611 Broker/(6673:6673): Se envio mensaje a todos los suscriptos!
[INFO] 23:40:26:177 Broker/(6673:6673): socketero: 10
[INFO] 23:40:26:177 Broker/(6673:6673): Se Suscribio a la lista APPEARED 10
[INFO] 23:40:32:972 Broker/(6673:6673): socketero: 11
[INFO] 23:40:32:973 Broker/(6673:6673): Se envio mensaje a todos los suscriptos!
[INFO] 23:40:43:592 Broker/(6673:6673): socketero: 12
[INFO] 23:43:28:284 Broker/(6977:6977): Servidor con IP 127.0.0.1 y puerto 5003
[INFO] 23:43:37:920 Broker/(6977:6977): socketero: 5
[INFO] 23:43:37:982 Broker/(6977:6977): Se Suscribio a la lista APPEARED 5
[INFO] 23:43:41:487 Broker/(6977:6977): socketero: 7
[INFO] 23:43:41:488 Broker/(6977:6977): Se envio mensaje a todos los suscriptos!
[INFO] 23:43:58:70 Broker/(6977:6977): socketero: 8
[INFO] 23:43:58:71 Broker/(6977:6977): Se envio mensaje a todos los suscriptos!
[INFO] 23:44:05:951 Broker/(6977:6977): socketero: 9
[INFO] 23:44:05:995 Broker/(6977:6977): Se envio mensaje a todos los suscriptos!
[INFO] 23:44:08:185 Broker/(6977:6977): socketero: 10
[INFO] 23:44:08:185 Broker/(6977:6977): Se envio mensaje a todos los suscriptos!
[INFO] 23:44:10:122 Broker/(6977:6977): socketero: 11
[INFO] 23:44:10:122 Broker/(6977:6977): Se envio mensaje a todos los suscriptos!
[INFO] 23:44:11:315 Broker/(6977:6977): socketero: 12
[INFO] 23:44:11:321 Broker/(6977:6977): Se envio mensaje a todos los suscriptos!
[INFO] 23:44:12:772 Broker/(6977:6977): socketero: 13
[INFO] 23:44:12:774 Broker/(6977:6977): Se envio mensaje a todos los suscriptos!
[INFO] 23:44:14:272 Broker/(6977:6977): socketero: 14
[INFO] 23:44:14:272 Broker/(6977:6977): Se envio mensaje a todos los suscriptos!
[INFO] 23:44:25:855 Broker/(6977:6977): socketero: 15
[INFO] 23:44:25:856 Broker/(6977:6977): Se envio mensaje a todos los suscriptos!
[INFO] 23:45:14:326 Broker/(6977:6977): socketero: 16
[INFO] 23:45:14:326 Broker/(6977:6977): Se envio mensaje a todos los suscriptos!
[INFO] 23:45:21:76 Broker/(6977:6977): socketero: 17
[INFO] 23:45:21:76 Broker/(6977:6977): Se envio mensaje a todos los suscriptos!
[INFO] 23:45:26:259 Broker/(6977:6977): socketero: 18
[INFO] 23:45:26:259 Broker/(6977:6977): Se envio mensaje a todos los suscriptos!
[INFO] 23:45:29:896 Broker/(6977:6977): socketero: 19
[INFO] 23:45:29:896 Broker/(6977:6977): Se envio mensaje a todos los suscriptos!
[INFO] 23:45:31:355 Broker/(6977:6977): socketero: 20
[INFO] 23:45:31:355 Broker/(6977:6977): Se envio mensaje a todos los suscriptos!
[INFO] 23:45:32:139 Broker/(6977:6977): socketero: 21
[INFO] 23:45:32:139 Broker/(6977:6977): Se envio mensaje a todos los suscriptos!
[INFO] 23:45:32:952 Broker/(6977:6977): socketero: 22
[INFO] 23:45:32:953 Broker/(6977:6977): Se envio mensaje a todos los suscriptos!
[INFO] 23:45:33:543 Broker/(6977:6977): socketero: 23
[INFO] 23:45:33:546 Broker/(6977:6977): Se envio mensaje a todos los suscriptos!
[INFO] 23:45:34:113 Broker/(6977:6977): socketero: 24
[INFO] 23:45:34:116 Broker/(6977:6977): Se envio mensaje a todos los suscriptos!
[INFO] 23:45:34:615 Broker/(6977:6977): socketero: 25
[INFO] 23:45:34:615 Broker/(6977:6977): Se envio mensaje a todos los suscriptos!
[INFO] 23:48:21:109 Broker/(7079:7079): Servidor con IP 127.0.0.1 y puerto 5003
[INFO] 23:48:24:586 Broker/(7079:7079): socketero: 5
[INFO] 23:48:24:586 Broker/(7079:7079): Se Suscribio a la lista APPEARED 5
[INFO] 23:48:27:230 Broker/(7079:7079): socketero: 7
[INFO] 23:48:27:232 Broker/(7079:7079): Se envio mensaje a todos los suscriptos!
[INFO] 23:48:30:197 Broker/(7079:7079): socketero: 8
[INFO] 23:48:30:198 Broker/(7079:7079): Se envio mensaje a todos los suscriptos!
[INFO] 23:48:34:798 Broker/(7079:7079): socketero: 9
[INFO] 23:48:34:799 Broker/(7079:7079): Se envio mensaje a todos los suscriptos!
[INFO] 23:48:43:424 Broker/(7079:7079): socketero: 10
[INFO] 23:48:43:424 Broker/(7079:7079): Se envio mensaje a todos los suscriptos!
[INFO] 23:48:44:344 Broker/(7079:7079): socketero: 11
[INFO] 23:48:44:344 Broker/(7079:7079): Se envio mensaje a todos los suscriptos!
[INFO] 23:48:45:632 Broker/(7079:7079): socketero: 12
[INFO] 23:48:45:632 Broker/(7079:7079): Se envio mensaje a todos los suscriptos!
[INFO] 23:52:59:998 Broker/(7304:7304): Servidor con IP 127.0.0.1 y puerto 5003
[INFO] 23:53:02:317 Broker/(7304:7304): socketero: 5
[INFO] 23:53:02:317 Broker/(7304:7304): Se Suscribio a la lista APPEARED 5
[INFO] 23:53:06:540 Broker/(7304:7304): socketero: 7
[INFO] 23:53:06:541 Broker/(7304:7304): Se envio mensaje a todos los suscriptos!
[INFO] 23:53:12:800 Broker/(7304:7304): socketero: 8
[INFO] 23:53:12:800 Broker/(7304:7304): Se envio mensaje a todos los suscriptos!
[INFO] 23:53:17:733 Broker/(7304:7304): socketero: 9
[INFO] 23:53:17:743 Broker/(7304:7304): Se envio mensaje a todos los suscriptos!
[INFO] 23:57:40:81 Broker/(7370:7370): Servidor con IP 127.0.0.1 y puerto 5003
[INFO] 23:57:47:654 Broker/(7370:7370): socketero: 5
[INFO] 23:57:47:654 Broker/(7370:7370): Se Suscribio a la lista APPEARED 5
[INFO] 14:54:08:164 Broker/(6544:6544): Servidor con IP 127.0.0.1 y puerto 5003
[INFO] 14:54:11:304 Broker/(6544:6544): socketero: 5
[INFO] 14:54:11:304 Broker/(6544:6544): Se Suscribio a la lista APPEARED 5
[INFO] 14:54:23:487 Broker/(6544:6544): socketero: 7
[INFO] 14:54:23:491 Broker/(6544:6544): Se envio mensaje a todos los suscriptos!
[INFO] 14:54:46:617 Broker/(6544:6544): socketero: 8
[INFO] 14:54:46:621 Broker/(6544:6544): Se envio mensaje a todos los suscriptos!
[INFO] 14:55:07:776 Broker/(6544:6544): socketero: 9
[INFO] 14:55:07:776 Broker/(6544:6544): Se Suscribio a la lista APPEARED 9
[INFO] 14:55:13:723 Broker/(6544:6544): socketero: 10
[INFO] 14:55:13:756 Broker/(6544:6544): Se envio mensaje a todos los suscriptos!
[INFO] 14:55:15:307 Broker/(6544:6544): socketero: 11
[INFO] 14:58:13:460 Broker/(6641:6641): Servidor con IP 127.0.0.1 y puerto 5003
[INFO] 14:58:14:822 Broker/(6641:6641): socketero: 5
[INFO] 14:58:14:822 Broker/(6641:6641): Se Suscribio a la lista APPEARED 5
[INFO] 14:59:03:725 Broker/(6641:6641): socketero: 7
[INFO] 14:59:03:725 Broker/(6641:6641): Se envio mensaje a todos los suscriptos!
[INFO] 15:02:36:479 Broker/(6641:6641): socketero: 8
[INFO] 15:02:36:480 Broker/(6641:6641): Se Suscribio a la lista APPEARED 8
[INFO] 15:02:43:109 Broker/(6641:6641): socketero: 9
[INFO] 15:02:43:134 Broker/(6641:6641): Se envio mensaje a todos los suscriptos!
[INFO] 15:02:52:586 Broker/(6641:6641): socketero: 10
[INFO] 15:02:52:586 Broker/(6641:6641): Se Suscribio a la lista APPEARED 10
[INFO] 15:11:13:543 Broker/(6892:6892): Servidor con IP 127.0.0.1 y puerto 5003
[INFO] 15:11:15:400 Broker/(6892:6892): socketero: 5
[INFO] 15:11:15:400 Broker/(6892:6892): Se Suscribio a la lista APPEARED 5
[INFO] 15:12:39:772 Broker/(6892:6892): socketero: 7
[INFO] 15:12:39:773 Broker/(6892:6892): Se envio mensaje a todos los suscriptos!
[INFO] 15:30:24:768 Broker/(7257:7257): Servidor con IP 127.0.0.1 y puerto 5003
[INFO] 15:30:29:201 Broker/(7257:7257): socketero: 5
[INFO] 15:30:29:202 Broker/(7257:7257): Se Suscribio a la lista APPEARED 5
[INFO] 15:30:32:861 Broker/(7257:7257): socketero: 7
[INFO] 15:30:32:885 Broker/(7257:7257): Se envio mensaje a todos los suscriptos!
[INFO] 18:07:48:40 Broker/(5051:5051): Servidor con IP 127.0.0.1 y puerto 5003
[INFO] 18:08:06:656 Broker/(5051:5051): socketero: 5
[INFO] 18:08:06:657 Broker/(5051:5051): Se Suscribio a la lista APPEARED 5
[INFO] 18:08:27:165 Broker/(5051:5051): socketero: 7
[INFO] 18:09:02:583 Broker/(5079:5079): Servidor con IP 127.0.0.1 y puerto 5003
[INFO] 18:09:04:615 Broker/(5079:5079): socketero: 5
[INFO] 18:09:04:621 Broker/(5079:5079): Se Suscribio a la lista APPEARED 5
[INFO] 18:09:08:221 Broker/(5079:5079): socketero: 7
[INFO] 18:13:27:558 Broker/(5358:5358): Servidor con IP 127.0.0.1 y puerto 5003
[INFO] 18:13:30:781 Broker/(5358:5358): socketero: 5
[INFO] 18:13:30:791 Broker/(5358:5358): Se Suscribio a la lista APPEARED 5
[INFO] 18:13:35:439 Broker/(5358:5358): socketero: 7
[INFO] 18:13:35:584 Broker/(5358:5358): Se envio mensaje a todos los suscriptos!
[INFO] 18:13:42:229 Broker/(5358:5358): socketero: 8
[INFO] 18:13:42:232 Broker/(5358:5358): Se envio mensaje a todos los suscriptos!
[INFO] 18:14:07:537 Broker/(5358:5358): socketero: 9
[INFO] 18:14:07:544 Broker/(5358:5358): Se envio mensaje a todos los suscriptos!
[INFO] 18:14:27:926 Broker/(5358:5358): socketero: 10
[INFO] 18:14:27:927 Broker/(5358:5358): Se envio mensaje a todos los suscriptos!
[INFO] 18:14:48:882 Broker/(5358:5358): socketero: 11
[INFO] 18:14:48:883 Broker/(5358:5358): Se envio mensaje a todos los suscriptos!
[INFO] 18:34:26:117 Broker/(6132:6132): Servidor con IP 127.0.0.1 y puerto 5003
[INFO] 18:34:28:732 Broker/(6132:6132): socketero: 5
[INFO] 18:40:03:728 Broker/(6428:6428): Servidor con IP 127.0.0.1 y puerto 5003
[INFO] 18:40:05:539 Broker/(6428:6428): socketero: 5
[INFO] 18:41:24:596 Broker/(6477:6477): Servidor con IP 127.0.0.1 y puerto 5003
[INFO] 18:41:28:150 Broker/(6477:6477): socketero: 5
[INFO] 18:43:00:391 Broker/(6590:6590): Servidor con IP 127.0.0.1 y puerto 5003
[INFO] 18:43:02:299 Broker/(6590:6590): socketero: 5
[INFO] 18:44:07:950 Broker/(6658:6658): Servidor con IP 127.0.0.1 y puerto 5003
[INFO] 18:44:09:485 Broker/(6658:6658): socketero: 5
[INFO] 18:50:01:289 Broker/(6855:6855): Servidor con IP 127.0.0.1 y puerto 5003
[INFO] 18:50:03:738 Broker/(6855:6855): socketero: 5
[INFO] 18:50:03:739 Broker/(6855:6855): Se Suscribio a la lista APPEARED 5
[INFO] 18:50:03:741 Broker/(6855:6855): socketero: 7
[INFO] 18:50:03:741 Broker/(6855:6855): Se Suscribio a la lista GET 7
[INFO] 18:51:33:994 Broker/(6855:6855): socketero: 8
[INFO] 18:51:34:25 Broker/(6855:6855): Se envio mensaje a todos los suscriptos!
[INFO] 18:51:58:355 Broker/(6855:6855): socketero: 9
[INFO] 18:51:58:356 Broker/(6855:6855): Se envio mensaje a todos los suscriptos!
[INFO] 18:52:59:585 Broker/(6980:6980): Servidor con IP 127.0.0.1 y puerto 5003
[INFO] 18:53:01:713 Broker/(6980:6980): socketero: 5
[INFO] 18:53:01:714 Broker/(6980:6980): Se Suscribio a la lista GET 5
[INFO] 18:53:01:715 Broker/(6980:6980): socketero: 7
[INFO] 18:53:01:715 Broker/(6980:6980): Se Suscribio a la lista APPEARED 7
[INFO] 18:53:05:53 Broker/(6980:6980): socketero: 8
[INFO] 18:53:05:53 Broker/(6980:6980): Se envio mensaje a todos los suscriptos!
[INFO] 18:54:20:988 Broker/(7038:7038): Servidor con IP 127.0.0.1 y puerto 5003
[INFO] 18:54:23:285 Broker/(7038:7038): socketero: 5
[INFO] 18:54:23:285 Broker/(7038:7038): Se Suscribio a la lista APPEARED 5
[INFO] 18:54:23:286 Broker/(7038:7038): socketero: 7
[INFO] 18:54:23:286 Broker/(7038:7038): Se Suscribio a la lista GET 7
[INFO] 18:54:26:886 Broker/(7038:7038): socketero: 8
[INFO] 18:54:26:886 Broker/(7038:7038): Se envio mensaje a todos los suscriptos!
[INFO] 18:54:50:882 Broker/(7038:7038): socketero: 9
[INFO] 18:55:02:711 Broker/(7038:7038): socketero: 10
[INFO] 18:55:02:711 Broker/(7038:7038): Se envio mensaje a todos los suscriptos!
[INFO] 18:55:08:949 Broker/(7038:7038): socketero: 11
[INFO] 18:55:08:950 Broker/(7038:7038): Se envio mensaje a todos los suscriptos!
[INFO] 18:55:18:641 Broker/(7038:7038): socketero: 12
[INFO] 18:55:18:642 Broker/(7038:7038): Se envio mensaje a todos los suscriptos!
[INFO] 18:55:27:99 Broker/(7038:7038): socketero: 13
[INFO] 18:55:27:99 Broker/(7038:7038): Se envio mensaje a todos los suscriptos!
[INFO] 19:02:13:94 Broker/(7229:7229): Servidor con IP 127.0.0.1 y puerto 5003
[INFO] 19:02:35:787 Broker/(7229:7229): socketero: 5
[INFO] 19:02:35:789 Broker/(7229:7229): Se Suscribio a la lista GET 5
[INFO] 19:02:48:946 Broker/(7229:7229): socketero: 7
[INFO] 19:02:48:947 Broker/(7229:7229): Se Suscribio a la lista APPEARED 7
[INFO] 19:03:18:998 Broker/(7229:7229): socketero: 8
[INFO] 19:03:18:1 Broker/(7229:7229): Se envio mensaje a todos los suscriptos!
[INFO] 19:03:50:714 Broker/(7229:7229): socketero: 9
[INFO] 19:03:50:715 Broker/(7229:7229): Se envio mensaje a todos los suscriptos!
[INFO] 19:04:30:740 Broker/(7229:7229): socketero: 10
[INFO] 19:04:30:747 Broker/(7229:7229): Se envio mensaje a todos los suscriptos!
[INFO] 19:06:20:280 Broker/(7378:7378): Servidor con IP 127.0.0.1 y puerto 5003
[INFO] 19:06:23:812 Broker/(7378:7378): socketero: 5
[INFO] 19:06:23:814 Broker/(7378:7378): Se Suscribio a la lista APPEARED 5
[INFO] 19:06:23:814 Broker/(7378:7378): socketero: 7
[INFO] 19:06:23:815 Broker/(7378:7378): Se Suscribio a la lista GET 7
[INFO] 19:06:27:780 Broker/(7378:7378): socketero: 8
[INFO] 19:06:41:735 Broker/(7378:7378): socketero: 9
[INFO] 19:06:45:125 Broker/(7378:7378): socketero: 10
[INFO] 19:06:45:990 Broker/(7378:7378): socketero: 11
[INFO] 19:06:46:609 Broker/(7378:7378): socketero: 12
[INFO] 19:06:47:389 Broker/(7378:7378): socketero: 13
[INFO] 19:06:48:18 Broker/(7378:7378): socketero: 14
[INFO] 19:08:10:553 Broker/(7452:7452): Servidor con IP 127.0.0.1 y puerto 5003
[INFO] 19:08:12:459 Broker/(7452:7452): socketero: 5
[INFO] 19:08:12:472 Broker/(7452:7452): Se Suscribio a la lista APPEARED 5
[INFO] 19:08:12:472 Broker/(7452:7452): socketero: 7
[INFO] 19:08:12:472 Broker/(7452:7452): Se Suscribio a la lista GET 7
[INFO] 19:11:24:963 Broker/(7609:7609): Servidor con IP 127.0.0.1 y puerto 5003
[INFO] 19:11:30:224 Broker/(7609:7609): socketero: 5
[INFO] 19:11:30:227 Broker/(7609:7609): Se Suscribio a la lista CAUGHT 5
[INFO] 19:11:30:227 Broker/(7609:7609): socketero: 7
[INFO] 19:11:30:227 Broker/(7609:7609): Se Suscribio a la lista APPEARED 7
[INFO] 19:11:39:187 Broker/(7609:7609): socketero: 8
[INFO] 19:11:39:194 Broker/(7609:7609): Se envio mensaje a todos los suscriptos!
[INFO] 19:11:45:161 Broker/(7609:7609): socketero: 9
[INFO] 19:11:45:186 Broker/(7609:7609): Se envio mensaje a todos los suscriptos!
[INFO] 19:11:46:123 Broker/(7609:7609): socketero: 10
[INFO] 19:11:46:124 Broker/(7609:7609): Se envio mensaje a todos los suscriptos!
[INFO] 19:11:46:789 Broker/(7609:7609): socketero: 11
[INFO] 19:11:46:790 Broker/(7609:7609): Se envio mensaje a todos los suscriptos!
[INFO] 19:11:47:452 Broker/(7609:7609): socketero: 12
[INFO] 19:11:47:454 Broker/(7609:7609): Se envio mensaje a todos los suscriptos!
[INFO] 19:11:48:226 Broker/(7609:7609): socketero: 13
[INFO] 19:11:48:227 Broker/(7609:7609): Se envio mensaje a todos los suscriptos!
[INFO] 19:12:28:937 Broker/(7666:7666): Servidor con IP 127.0.0.1 y puerto 5003
[INFO] 19:12:31:153 Broker/(7666:7666): socketero: 5
[INFO] 19:12:31:154 Broker/(7666:7666): Se Suscribio a la lista APPEARED 5
[INFO] 19:12:31:154 Broker/(7666:7666): socketero: 7
[INFO] 19:12:31:160 Broker/(7666:7666): Se Suscribio a la lista CAUGHT 7
[INFO] 19:12:34:987 Broker/(7666:7666): socketero: 8
[INFO] 19:12:34:993 Broker/(7666:7666): Se envio mensaje a todos los suscriptos!
[INFO] 19:12:40:430 Broker/(7666:7666): socketero: 9
[INFO] 19:12:40:430 Broker/(7666:7666): Se envio mensaje a todos los suscriptos!
[INFO] 19:16:28:601 Broker/(7859:7859): Servidor con IP 127.0.0.1 y puerto 5003
[INFO] 19:16:54:611 Broker/(7859:7859): socketero: 5
[INFO] 19:16:54:612 Broker/(7859:7859): Se Suscribio a la lista APPEARED 5
[INFO] 19:16:54:612 Broker/(7859:7859): socketero: 7
[INFO] 19:16:54:612 Broker/(7859:7859): Se Suscribio a la lista CAUGHT 7
[INFO] 19:18:33:787 Broker/(7908:7908): Servidor con IP 127.0.0.1 y puerto 5003
[INFO] 19:18:50:228 Broker/(7908:7908): socketero: 5
[INFO] 19:18:50:305 Broker/(7908:7908): Se Suscribio a la lista APPEARED 5
[INFO] 19:18:50:305 Broker/(7908:7908): socketero: 7
[INFO] 19:18:50:305 Broker/(7908:7908): Se Suscribio a la lista CAUGHT 7
[INFO] 19:19:11:396 Broker/(7908:7908): socketero: 8
[INFO] 19:19:11:397 Broker/(7908:7908): Se envio mensaje a todos los suscriptos!
[INFO] 19:20:36:289 Broker/(7946:7946): Servidor con IP 127.0.0.1 y puerto 5003
[INFO] 19:20:42:183 Broker/(7946:7946): socketero: 5
[INFO] 19:20:42:261 Broker/(7946:7946): Se Suscribio a la lista APPEARED 5
[INFO] 19:20:42:277 Broker/(7946:7946): socketero: 7
[INFO] 19:20:42:286 Broker/(7946:7946): Se Suscribio a la lista CAUGHT 7
[INFO] 19:20:45:654 Broker/(7946:7946): socketero: 8
[INFO] 19:20:45:765 Broker/(7946:7946): Se envio mensaje a todos los suscriptos!
[INFO] 19:21:38:499 Broker/(8004:8004): Servidor con IP 127.0.0.1 y puerto 5003
[INFO] 19:22:04:442 Broker/(8004:8004): socketero: 5
[INFO] 19:22:04:484 Broker/(8004:8004): Se Suscribio a la lista APPEARED 5
[INFO] 19:22:04:487 Broker/(8004:8004): socketero: 7
[INFO] 19:22:04:498 Broker/(8004:8004): Se Suscribio a la lista CAUGHT 7
[INFO] 19:22:07:786 Broker/(8004:8004): socketero: 8
[INFO] 19:22:07:860 Broker/(8004:8004): Se envio mensaje a todos los suscriptos!
[INFO] 19:27:46:870 Broker/(8004:8004): socketero: 9
[INFO] 19:27:46:897 Broker/(8004:8004): Se Suscribio a la lista APPEARED 9
[INFO] 19:27:46:897 Broker/(8004:8004): socketero: 10
[INFO] 19:27:46:897 Broker/(8004:8004): Se Suscribio a la lista CAUGHT 10
[INFO] 19:27:50:244 Broker/(8004:8004): socketero: 11
[INFO] 19:27:50:266 Broker/(8004:8004): Se envio mensaje a todos los suscriptos!
[INFO] 19:28:06:708 Broker/(8004:8004): socketero: 12
[INFO] 19:38:37:970 Broker/(8585:8585): Servidor con IP 127.0.0.1 y puerto 5003
[INFO] 19:38:41:691 Broker/(8585:8585): socketero: 5
[INFO] 19:38:41:691 Broker/(8585:8585): Se Suscribio a la lista APPEARED 5
[INFO] 19:38:41:691 Broker/(8585:8585): socketero: 7
[INFO] 19:38:41:691 Broker/(8585:8585): Se Suscribio a la lista CAUGHT 7
[INFO] 19:38:45:722 Broker/(8585:8585): socketero: 8
[INFO] 19:38:45:740 Broker/(8585:8585): Se envio mensaje a todos los suscriptos!
[INFO] 19:38:53:854 Broker/(8585:8585): socketero: 9
[INFO] 19:38:53:857 Broker/(8585:8585): Se envio mensaje a todos los suscriptos!
[INFO] 19:39:04:219 Broker/(8585:8585): socketero: 10
[INFO] 19:39:04:220 Broker/(8585:8585): Se envio mensaje a todos los suscriptos!
[INFO] 19:44:44:704 Broker/(8926:8926): Servidor con IP 127.0.0.1 y puerto 5003
[INFO] 19:45:02:752 Broker/(8926:8926): socketero: 5
[INFO] 19:45:02:753 Broker/(8926:8926): Se Suscribio a la lista CAUGHT 5
[INFO] 19:45:21:436 Broker/(8926:8926): socketero: 7
[INFO] 19:45:21:438 Broker/(8926:8926): Se Suscribio a la lista CAUGHT 7
[INFO] 19:45:35:636 Broker/(8926:8926): socketero: 8
[INFO] 19:45:35:636 Broker/(8926:8926): Se Suscribio a la lista APPEARED 8
[INFO] 19:46:00:269 Broker/(8926:8926): socketero: 9
[INFO] 19:46:00:277 Broker/(8926:8926): Se envio mensaje a todos los suscriptos!
[INFO] 19:49:01:772 Broker/(9104:9104): Servidor con IP 127.0.0.1 y puerto 5003
[INFO] 19:49:03:833 Broker/(9104:9104): socketero: 5
[INFO] 19:49:03:833 Broker/(9104:9104): Se Suscribio a la lista APPEARED 5
[INFO] 19:49:03:833 Broker/(9104:9104): socketero: 7
[INFO] 19:49:03:833 Broker/(9104:9104): Se Suscribio a la lista CAUGHT 7
[INFO] 21:05:34:871 Broker/(19273:19273): Servidor con IP 127.0.0.1 y puerto 5003
[INFO] 21:05:55:960 Broker/(19273:19273): socketero: 5
[INFO] 21:05:55:960 Broker/(19273:19273): Se Suscribio a la lista APPEARED 5
[INFO] 21:05:55:960 Broker/(19273:19273): socketero: 7
[INFO] 21:05:55:960 Broker/(19273:19273): Se Suscribio a la lista CAUGHT 7
[INFO] 21:08:59:133 Broker/(19273:19273): socketero: 8
[INFO] 21:08:59:133 Broker/(19273:19273): Se envio mensaje a todos los suscriptos!
[INFO] 20:03:08:803 Broker/(12731:12731): Servidor con IP 127.0.0.1 y puerto 5003
[INFO] 20:03:14:689 Broker/(12731:12731): socketero: 5
[INFO] 20:05:12:106 Broker/(12863:12863): Servidor con IP 127.0.0.1 y puerto 5003
[INFO] 20:05:13:963 Broker/(12863:12863): socketero: 5
[INFO] 20:07:06:957 Broker/(13035:13035): Servidor con IP 127.0.0.1 y puerto 5003
[INFO] 20:07:07:301 Broker/(13035:13035): socketero: 5
[INFO] 20:07:07:301 Broker/(13035:13035): Se Suscribio a la lista GET 5
[INFO] 20:07:08:529 Broker/(13035:13035): socketero: 7
[INFO] 20:08:38:739 Broker/(13260:13260): Servidor con IP 127.0.0.1 y puerto 5003
[INFO] 20:08:40:59 Broker/(13260:13260): socketero: 5
[INFO] 20:08:40:60 Broker/(13260:13260): Se Suscribio a la lista GET 5
[INFO] 20:10:23:953 Broker/(13260:13260): socketero: 7
[INFO] 20:10:23:953 Broker/(13260:13260): Se envio mensaje a todos los suscriptos!
[INFO] 20:12:15:865 Broker/(13469:13469): Servidor con IP 127.0.0.1 y puerto 5003
[INFO] 20:12:17:129 Broker/(13469:13469): socketero: 5
[INFO] 20:12:17:129 Broker/(13469:13469): Se Suscribio a la lista GET 5
[INFO] 20:12:26:617 Broker/(13469:13469): socketero: 7
[INFO] 20:12:26:617 Broker/(13469:13469): el pokemon es Pikachu
[INFO] 20:12:26:617 Broker/(13469:13469): Se envio mensaje a todos los suscriptos!
[INFO] 20:14:30:609 Broker/(13627:13627): Servidor con IP 127.0.0.1 y puerto 5003
[INFO] 20:14:31:448 Broker/(13627:13627): socketero: 5
[INFO] 20:14:31:448 Broker/(13627:13627): Se Suscribio a la lista GET 5
[INFO] 20:14:33:274 Broker/(13627:13627): socketero: 7
[INFO] 20:14:33:275 Broker/(13627:13627): el pokemon es Pikachu
[INFO] 20:14:33:275 Broker/(13627:13627): Se envio mensaje a todos los suscriptos!
[INFO] 20:15:07:210 Broker/(13759:13759): Servidor con IP 127.0.0.1 y puerto 5003
[INFO] 20:15:08:115 Broker/(13759:13759): socketero: 5
[INFO] 20:15:08:115 Broker/(13759:13759): Se Suscribio a la lista GET 5
[INFO] 20:15:09:972 Broker/(13759:13759): socketero: 7
[INFO] 20:15:09:972 Broker/(13759:13759): el pokemon es Pikachu
[INFO] 20:15:09:972 Broker/(13759:13759): Se envio mensaje a todos los suscriptos!
[INFO] 20:48:33:403 Broker/(15065:15065): Servidor con IP 127.0.0.1 y puerto 5003
[INFO] 20:48:34:651 Broker/(15065:15065): socketero: 5
[INFO] 20:48:34:651 Broker/(15065:15065): Se Suscribio a la lista GET 5
[INFO] 20:48:36:539 Broker/(15065:15065): socketero: 7
[INFO] 20:48:36:539 Broker/(15065:15065): el pokemon es Pikachu
[INFO] 20:48:36:539 Broker/(15065:15065): Se envio mensaje a todos los suscriptos!
[INFO] 20:49:22:880 Broker/(15200:15200): Servidor con IP 127.0.0.1 y puerto 5003
[INFO] 20:49:23:672 Broker/(15200:15200): socketero: 5
[INFO] 20:49:23:672 Broker/(15200:15200): Se Suscribio a la lista GET 5
[INFO] 20:49:24:424 Broker/(15200:15200): socketero: 7
[INFO] 20:49:24:424 Broker/(15200:15200): el pokemon es Pikachu
[INFO] 20:49:24:424 Broker/(15200:15200): Se envio mensaje a todos los suscriptos!
[INFO] 20:49:27:128 Broker/(15200:15200): socketero: 8
[INFO] 20:49:27:128 Broker/(15200:15200): el pokemon es Pikachu
[INFO] 20:49:27:128 Broker/(15200:15200): Se envio mensaje a todos los suscriptos!
[INFO] 20:49:28:48 Broker/(15200:15200): socketero: 9
[INFO] 20:49:28:48 Broker/(15200:15200): el pokemon es Pikachu
[INFO] 20:49:28:48 Broker/(15200:15200): Se envio mensaje a todos los suscriptos!
[INFO] 20:49:28:872 Broker/(15200:15200): socketero: 10
[INFO] 20:49:28:872 Broker/(15200:15200): el pokemon es Pikachu
[INFO] 20:49:28:872 Broker/(15200:15200): Se envio mensaje a todos los suscriptos!
[INFO] 20:49:29:600 Broker/(15200:15200): socketero: 11
[INFO] 20:49:29:600 Broker/(15200:15200): el pokemon es Pikachu
[INFO] 20:49:29:600 Broker/(15200:15200): Se envio mensaje a todos los suscriptos!
[INFO] 20:56:25:337 Broker/(15478:15478): Servidor con IP 127.0.0.1 y puerto 5003
[INFO] 20:56:26:225 Broker/(15478:15478): socketero: 5
[INFO] 20:56:26:225 Broker/(15478:15478): Se Suscribio a la lista GET 5
[INFO] 20:56:27:161 Broker/(15478:15478): socketero: 7
[INFO] 20:56:27:161 Broker/(15478:15478): el pokemon es Pikachu
[INFO] 20:56:27:161 Broker/(15478:15478): Se envio mensaje a todos los suscriptos!
[INFO] 20:58:02:160 Broker/(15558:15558): Servidor con IP 127.0.0.1 y puerto 5003
[INFO] 20:58:03:160 Broker/(15558:15558): socketero: 5
[INFO] 20:58:03:160 Broker/(15558:15558): Se Suscribio a la lista GET 5
[INFO] 20:58:04:240 Broker/(15558:15558): socketero: 7
[INFO] 20:58:04:240 Broker/(15558:15558): el pokemon es Pikachu
[INFO] 20:58:04:240 Broker/(15558:15558): Se envio mensaje a todos los suscriptos!
[INFO] 21:01:03:63 Broker/(15784:15784): Servidor con IP 127.0.0.1 y puerto 5003
[INFO] 21:01:03:904 Broker/(15784:15784): socketero: 5
[INFO] 21:01:03:904 Broker/(15784:15784): Se Suscribio a la lista GET 5
[INFO] 21:01:05:672 Broker/(15784:15784): socketero: 7
[INFO] 21:01:05:672 Broker/(15784:15784): el pokemon es Pikachu
[INFO] 21:01:05:672 Broker/(15784:15784): Se envio mensaje a todos los suscriptos!
[INFO] 21:01:14:216 Broker/(15784:15784): socketero: 8
[INFO] 21:01:14:216 Broker/(15784:15784): el pokemon es Pikachu
[INFO] 21:01:14:216 Broker/(15784:15784): Se envio mensaje a todos los suscriptos!
[INFO] 21:06:36:971 Broker/(15876:15876): Servidor con IP 127.0.0.1 y puerto 5003
[INFO] 21:06:37:732 Broker/(15876:15876): socketero: 5
[INFO] 21:06:37:732 Broker/(15876:15876): Se Suscribio a la lista GET 5
[INFO] 21:06:38:820 Broker/(15876:15876): socketero: 7
[INFO] 21:06:38:820 Broker/(15876:15876): el pokemon es Pikachu
[INFO] 21:06:38:820 Broker/(15876:15876): Se envio mensaje a todos los suscriptos!
[INFO] 21:07:59:885 Broker/(15925:15925): Servidor con IP 127.0.0.1 y puerto 5003
[INFO] 21:08:01:135 Broker/(15925:15925): socketero: 5
[INFO] 21:08:01:135 Broker/(15925:15925): Se Suscribio a la lista GET 5
[INFO] 21:08:03:559 Broker/(15925:15925): socketero: 7
[INFO] 21:08:03:560 Broker/(15925:15925): el pokemon es Pikachu
[INFO] 21:08:03:560 Broker/(15925:15925): Se envio mensaje a todos los suscriptos!
[INFO] 21:08:26:375 Broker/(15960:15960): Servidor con IP 127.0.0.1 y puerto 5003
[INFO] 21:08:27:271 Broker/(15960:15960): socketero: 5
[INFO] 21:08:27:271 Broker/(15960:15960): Se Suscribio a la lista GET 5
[INFO] 21:09:18:757 Broker/(16082:16082): Servidor con IP 127.0.0.1 y puerto 5003
[INFO] 21:09:33:101 Broker/(16082:16082): socketero: 5
[INFO] 21:09:33:101 Broker/(16082:16082): Se Suscribio a la lista APPEARED 5
[INFO] 21:09:33:101 Broker/(16082:16082): socketero: 7
[INFO] 21:09:33:101 Broker/(16082:16082): Se Suscribio a la lista CAUGHT 7
[INFO] 21:10:13:313 Broker/(16082:16082): socketero: 8
[INFO] 21:10:13:313 Broker/(16082:16082): Se envio mensaje a todos los suscriptos!
[INFO] 21:11:56:744 Broker/(16082:16082): socketero: 9
[INFO] 21:12:26:661 Broker/(16082:16082): socketero: 10
[INFO] 21:12:26:662 Broker/(16082:16082): Se envio mensaje a todos los suscriptos!
[INFO] 21:16:23:609 Broker/(16435:16435): Servidor con IP 127.0.0.1 y puerto 5003
[INFO] 21:16:24:817 Broker/(16435:16435): socketero: 5
[INFO] 21:16:24:817 Broker/(16435:16435): Se Suscribio a la lista GET 5
[INFO] 21:16:28:282 Broker/(16435:16435): socketero: 7
[INFO] 21:16:28:283 Broker/(16435:16435): el pokemon es Pikachu
[INFO] 21:16:28:283 Broker/(16435:16435): 5
[INFO] 21:16:28:283 Broker/(16435:16435): Se envio mensaje a todos los suscriptos!
[INFO] 21:18:04:133 Broker/(16435:16435): socketero: 8
[INFO] 21:18:04:133 Broker/(16435:16435): el pokemon es Pikachu
[INFO] 21:18:04:133 Broker/(16435:16435): 5
[INFO] 21:18:04:133 Broker/(16435:16435): Se envio mensaje a todos los suscriptos!
[INFO] 21:18:39:762 Broker/(16516:16516): Servidor con IP 127.0.0.1 y puerto 5003
[INFO] 21:18:40:754 Broker/(16516:16516): socketero: 5
[INFO] 21:18:40:754 Broker/(16516:16516): Se Suscribio a la lista GET 5
[INFO] 21:18:42:206 Broker/(16516:16516): socketero: 7
[INFO] 21:18:42:206 Broker/(16516:16516): el pokemon es Pikachu
[INFO] 21:18:42:206 Broker/(16516:16516): 5
[INFO] 21:18:42:206 Broker/(16516:16516): Se envio mensaje a todos los suscriptos!
[INFO] 21:18:46:57 Broker/(16516:16516): socketero: 8
[INFO] 21:18:46:57 Broker/(16516:16516): el pokemon es Pikachu
[INFO] 21:18:46:57 Broker/(16516:16516): 5
[INFO] 21:18:46:57 Broker/(16516:16516): Se envio mensaje a todos los suscriptos!
[INFO] 21:24:28:411 Broker/(16516:16516): socketero: 9
[INFO] 21:24:28:411 Broker/(16516:16516): el pokemon es Pikachu
[INFO] 21:24:28:411 Broker/(16516:16516): 5
[INFO] 21:24:28:411 Broker/(16516:16516): Se envio mensaje a todos los suscriptos!
[INFO] 21:24:34:707 Broker/(16660:16660): Servidor con IP 127.0.0.1 y puerto 5003
[INFO] 21:24:36:19 Broker/(16660:16660): socketero: 5
[INFO] 21:24:36:20 Broker/(16660:16660): el pokemon es Pikachu
[INFO] 21:24:36:20 Broker/(16660:16660): Se envio mensaje a todos los suscriptos!
[INFO] 21:24:38:926 Broker/(16660:16660): socketero: 7
[INFO] 21:24:38:926 Broker/(16660:16660): Se Suscribio a la lista GET 7
[INFO] 21:24:40:571 Broker/(16660:16660): socketero: 8
[INFO] 21:24:40:571 Broker/(16660:16660): el pokemon es Pikachu
[INFO] 21:24:40:571 Broker/(16660:16660): 7
[INFO] 21:24:40:571 Broker/(16660:16660): Se envio mensaje a todos los suscriptos!
[INFO] 21:25:57:525 Broker/(16887:16887): Servidor con IP 127.0.0.1 y puerto 5003
[INFO] 21:25:58:717 Broker/(16887:16887): socketero: 5
[INFO] 21:25:58:717 Broker/(16887:16887): Se Suscribio a la lista GET 5
[INFO] 21:26:00:20 Broker/(16887:16887): socketero: 7
[INFO] 21:26:00:21 Broker/(16887:16887): el pokemon es Pikachu
[INFO] 21:26:00:21 Broker/(16887:16887): 5
[INFO] 21:26:00:21 Broker/(16887:16887): Se envio mensaje a todos los suscriptos!
[INFO] 21:26:44:873 Broker/(16929:16929): Servidor con IP 127.0.0.1 y puerto 5003
[INFO] 21:26:46:305 Broker/(16929:16929): socketero: 5
[INFO] 21:26:46:305 Broker/(16929:16929): Se Suscribio a la lista GET 5
[INFO] 21:26:47:881 Broker/(16929:16929): socketero: 7
[INFO] 21:26:47:881 Broker/(16929:16929): el pokemon es Pikachu
[INFO] 21:26:47:881 Broker/(16929:16929): 5
[INFO] 21:26:47:882 Broker/(16929:16929): Se envio mensaje a todos los suscriptos!
[INFO] 21:31:07:888 Broker/(17238:17238): Servidor con IP 127.0.0.1 y puerto 5003
[INFO] 21:31:08:905 Broker/(17238:17238): socketero: 5
[INFO] 21:31:08:905 Broker/(17238:17238): Se Suscribio a la lista GET 5
[INFO] 21:31:10:994 Broker/(17238:17238): socketero: 7
[INFO] 21:31:10:994 Broker/(17238:17238): el pokemon es Pikachu
[INFO] 21:31:10:994 Broker/(17238:17238): 5
[INFO] 21:31:10:994 Broker/(17238:17238): Se envio mensaje a todos los suscriptos!
[INFO] 21:31:13:843 Broker/(17238:17238): socketero: 8
[INFO] 21:31:13:843 Broker/(17238:17238): el pokemon es Pikachu
[INFO] 21:31:13:843 Broker/(17238:17238): 5
[INFO] 21:31:13:843 Broker/(17238:17238): Se envio mensaje a todos los suscriptos!
[INFO] 22:02:39:902 Broker/(18087:18087): Servidor con IP 127.0.0.1 y puerto 5003
[INFO] 22:02:40:830 Broker/(18087:18087): socketero: 5
[INFO] 22:02:40:830 Broker/(18087:18087): Se Suscribio a la lista GET 5
[INFO] 22:02:42:301 Broker/(18087:18087): socketero: 7
[INFO] 22:02:42:302 Broker/(18087:18087): el pokemon es Pikachu
[INFO] 22:02:42:302 Broker/(18087:18087): 5
[INFO] 22:02:42:302 Broker/(18087:18087): Se envio mensaje a todos los suscriptos!
[INFO] 22:02:49:68 Broker/(18087:18087): socketero: 8
[INFO] 22:02:49:68 Broker/(18087:18087): el pokemon es Pikachu
[INFO] 22:02:49:69 Broker/(18087:18087): 5
[INFO] 22:02:49:69 Broker/(18087:18087): Se envio mensaje a todos los suscriptos!
[INFO] 22:05:54:202 Broker/(18368:18368): Servidor con IP 127.0.0.1 y puerto 5003
[INFO] 22:05:56:347 Broker/(18368:18368): socketero: 5
[INFO] 22:05:56:347 Broker/(18368:18368): Se Suscribio a la lista GET 5
[INFO] 22:08:58:936 Broker/(18368:18368): socketero: 7
[INFO] 22:08:58:937 Broker/(18368:18368): el pokemon es Pikachu
[INFO] 22:08:58:937 Broker/(18368:18368): 5
[INFO] 22:08:58:937 Broker/(18368:18368): Se envio mensaje a todos los suscriptos!
[INFO] 22:09:46:744 Broker/(18478:18478): Servidor con IP 127.0.0.1 y puerto 5003
[INFO] 22:09:48:776 Broker/(18478:18478): socketero: 5
[INFO] 22:09:48:776 Broker/(18478:18478): Se Suscribio a la lista GET 5
[INFO] 22:09:50:944 Broker/(18478:18478): socketero: 7
[INFO] 22:09:50:945 Broker/(18478:18478): el pokemon es Pikachu
[INFO] 22:09:50:945 Broker/(18478:18478): 5
[INFO] 22:09:50:945 Broker/(18478:18478): Se envio mensaje a todos los suscriptos!
[INFO] 22:09:55:808 Broker/(18478:18478): socketero: 8
[INFO] 22:09:55:808 Broker/(18478:18478): el pokemon es Pikachu
[INFO] 22:09:55:808 Broker/(18478:18478): 5
[INFO] 22:09:55:808 Broker/(18478:18478): Se envio mensaje a todos los suscriptos!
[INFO] 22:09:57:80 Broker/(18478:18478): socketero: 9
[INFO] 22:09:57:80 Broker/(18478:18478): el pokemon es Pikachu
[INFO] 22:09:57:81 Broker/(18478:18478): 5
[INFO] 22:09:57:81 Broker/(18478:18478): Se envio mensaje a todos los suscriptos!
[INFO] 22:09:57:728 Broker/(18478:18478): socketero: 10
[INFO] 22:09:57:728 Broker/(18478:18478): el pokemon es Pikachu
[INFO] 22:09:57:729 Broker/(18478:18478): 5
[INFO] 22:09:57:729 Broker/(18478:18478): Se envio mensaje a todos los suscriptos!
[INFO] 22:09:58:600 Broker/(18478:18478): socketero: 11
[INFO] 22:09:58:601 Broker/(18478:18478): el pokemon es Pikachu
[INFO] 22:09:58:601 Broker/(18478:18478): 5
[INFO] 22:09:58:601 Broker/(18478:18478): Se envio mensaje a todos los suscriptos!
[INFO] 22:12:35:997 Broker/(18594:18594): Servidor con IP 127.0.0.1 y puerto 5003
[INFO] 22:12:38:77 Broker/(18594:18594): socketero: 5
[INFO] 22:12:38:77 Broker/(18594:18594): Se Suscribio a la lista GET 5
[INFO] 22:12:40:445 Broker/(18594:18594): socketero: 7
[INFO] 22:12:40:445 Broker/(18594:18594): el pokemon es Pikachu
[INFO] 22:12:40:445 Broker/(18594:18594): 5
[INFO] 22:12:40:445 Broker/(18594:18594): Se envio mensaje a todos los suscriptos!
[INFO] 22:12:40:446 Broker/(18594:18594): socketero: 8
[INFO] 22:12:40:446 Broker/(18594:18594): Llego a Destino gamecard
[INFO] 22:13:10:150 Broker/(18594:18594): socketero: 9
[INFO] 22:13:10:150 Broker/(18594:18594): el pokemon es Pikachu
[INFO] 22:13:10:150 Broker/(18594:18594): 5
[INFO] 22:13:10:150 Broker/(18594:18594): Se envio mensaje a todos los suscriptos!
[INFO] 22:13:10:150 Broker/(18594:18594): socketero: 10
[INFO] 22:13:10:150 Broker/(18594:18594): Llego a Destino gamecard
[INFO] 22:13:11:155 Broker/(18594:18594): socketero: 11
[INFO] 22:13:11:155 Broker/(18594:18594): el pokemon es Pikachu
[INFO] 22:13:11:155 Broker/(18594:18594): 5
[INFO] 22:13:11:155 Broker/(18594:18594): Se envio mensaje a todos los suscriptos!
[INFO] 22:13:11:155 Broker/(18594:18594): socketero: 12
[INFO] 22:13:11:155 Broker/(18594:18594): Llego a Destino gamecard
[INFO] 22:13:11:798 Broker/(18594:18594): socketero: 13
[INFO] 22:13:11:798 Broker/(18594:18594): el pokemon es Pikachu
[INFO] 22:13:11:798 Broker/(18594:18594): 5
[INFO] 22:13:11:798 Broker/(18594:18594): Se envio mensaje a todos los suscriptos!
[INFO] 22:13:11:798 Broker/(18594:18594): socketero: 14
[INFO] 22:13:11:798 Broker/(18594:18594): Llego a Destino gamecard
[INFO] 22:13:12:390 Broker/(18594:18594): socketero: 15
[INFO] 22:13:12:390 Broker/(18594:18594): el pokemon es Pikachu
[INFO] 22:13:12:390 Broker/(18594:18594): 5
[INFO] 22:13:12:390 Broker/(18594:18594): Se envio mensaje a todos los suscriptos!
[INFO] 22:13:12:390 Broker/(18594:18594): socketero: 16
[INFO] 22:13:12:390 Broker/(18594:18594): Llego a Destino gamecard
[INFO] 22:13:15:854 Broker/(18594:18594): socketero: 17
[INFO] 22:13:15:854 Broker/(18594:18594): el pokemon es Pikachu
[INFO] 22:13:15:854 Broker/(18594:18594): 5
[INFO] 22:13:15:855 Broker/(18594:18594): Se envio mensaje a todos los suscriptos!
[INFO] 22:13:15:855 Broker/(18594:18594): socketero: 18
[INFO] 22:13:15:855 Broker/(18594:18594): Llego a Destino gamecard
[INFO] 22:19:01:330 Broker/(18911:18911): Servidor con IP 127.0.0.1 y puerto 5003
[INFO] 22:19:01:330 Broker/(18911:18911): socketero: -1
[INFO] 22:19:09:884 Broker/(18912:18912): Servidor con IP 127.0.0.1 y puerto 5003
[INFO] 22:19:09:885 Broker/(18912:18912): socketero: -1
[INFO] 22:20:24:848 Broker/(19094:19094): Servidor con IP 127.0.0.1 y puerto 5003
[INFO] 22:20:28:225 Broker/(19094:19094): socketero: 5
[INFO] 22:20:28:225 Broker/(19094:19094): Se Suscribio a la lista GET 5
[INFO] 22:20:31:450 Broker/(19094:19094): socketero: 7
[INFO] 22:20:31:450 Broker/(19094:19094): el pokemon es Pikachu
[INFO] 22:20:31:450 Broker/(19094:19094): 5
[INFO] 22:20:31:450 Broker/(19094:19094): Se envio mensaje a todos los suscriptos!
[INFO] 22:20:31:450 Broker/(19094:19094): socketero: 8
[INFO] 22:20:31:450 Broker/(19094:19094): Llego a Destino gamecard
[INFO] 22:20:41:132 Broker/(19094:19094): socketero: 9
[INFO] 22:20:41:133 Broker/(19094:19094): el pokemon es Pikachu
[INFO] 22:20:41:133 Broker/(19094:19094): 5
[INFO] 22:20:41:133 Broker/(19094:19094): Se envio mensaje a todos los suscriptos!
[INFO] 22:20:41:133 Broker/(19094:19094): socketero: 10
[INFO] 22:20:41:133 Broker/(19094:19094): Llego a Destino gamecard
[INFO] 22:20:48:93 Broker/(19094:19094): socketero: 11
[INFO] 22:20:48:93 Broker/(19094:19094): el pokemon es Pikachu
[INFO] 22:20:48:93 Broker/(19094:19094): 5
[INFO] 22:20:48:94 Broker/(19094:19094): Se envio mensaje a todos los suscriptos!
[INFO] 22:20:48:94 Broker/(19094:19094): socketero: 12
[INFO] 22:20:48:94 Broker/(19094:19094): Llego a Destino gamecard
[INFO] 22:26:37:339 Broker/(19497:19497): Servidor con IP 127.0.0.1 y puerto 5003
[INFO] 22:26:37:339 Broker/(19497:19497): socketero: -1
[INFO] 22:27:10:642 Broker/(19678:19678): Servidor con IP 127.0.0.1 y puerto 5003
[INFO] 22:27:10:643 Broker/(19678:19678): socketero: -1
[INFO] 22:27:20:339 Broker/(19684:19684): Servidor con IP 127.0.0.1 y puerto 5003
[INFO] 22:27:20:339 Broker/(19684:19684): socketero: -1
[INFO] 22:27:21:59 Broker/(19685:19685): Servidor con IP 127.0.0.1 y puerto 5003
[INFO] 22:27:21:59 Broker/(19685:19685): socketero: -1
[INFO] 22:27:21:675 Broker/(19686:19686): Servidor con IP 127.0.0.1 y puerto 5003
[INFO] 22:27:21:675 Broker/(19686:19686): socketero: -1
[INFO] 22:27:25:884 Broker/(19687:19687): Servidor con IP 127.0.0.1 y puerto 5003
[INFO] 22:27:25:884 Broker/(19687:19687): socketero: -1
[INFO] 22:29:03:932 Broker/(19719:19719): Servidor con IP 127.0.0.1 y puerto 5003
[INFO] 22:29:11:172 Broker/(19719:19719): socketero: 5
[INFO] 22:29:28:723 Broker/(19725:19725): Servidor con IP 127.0.0.1 y puerto 5003
[INFO] 22:29:32:203 Broker/(19725:19725): socketero: 5
[INFO] 22:29:48:763 Broker/(19736:19736): Servidor con IP 127.0.0.1 y puerto 5003
[INFO] 22:29:50:916 Broker/(19736:19736): socketero: 5
[INFO] 22:29:50:920 Broker/(19736:19736): Se Suscribio a la lista CATCH 5
[INFO] 22:29:50:920 Broker/(19736:19736): socketero: 7
[INFO] 22:29:50:921 Broker/(19736:19736): Se Suscribio a la lista NEW 7
[INFO] 22:29:50:921 Broker/(19736:19736): socketero: 8
[INFO] 22:29:50:922 Broker/(19736:19736): Se Suscribio a la lista GET 8
[INFO] 22:39:11:651 Broker/(20131:20131): Servidor con IP 127.0.0.1 y puerto 5003
[INFO] 22:39:14:114 Broker/(20131:20131): socketero: 5
[INFO] 22:39:14:117 Broker/(20131:20131): Se Suscribio a la lista CATCH 5
[INFO] 22:39:14:118 Broker/(20131:20131): socketero: 7
[INFO] 22:39:14:119 Broker/(20131:20131): Se Suscribio a la lista NEW 7
[INFO] 22:39:14:119 Broker/(20131:20131): socketero: 8
[INFO] 22:39:14:120 Broker/(20131:20131): Se Suscribio a la lista GET 8
[INFO] 22:39:21:697 Broker/(20131:20131): socketero: 9
[INFO] 22:39:21:705 Broker/(20131:20131): el pokemon es Pikachu
[INFO] 22:39:21:712 Broker/(20131:20131): 8
[INFO] 22:39:21:714 Broker/(20131:20131): Se envio mensaje a todos los suscriptos!
[INFO] 22:39:21:714 Broker/(20131:20131): socketero: 10
[INFO] 22:39:21:715 Broker/(20131:20131): Llego a Destino
[INFO] 22:40:00:751 Broker/(20131:20131): socketero: 11
[INFO] 22:40:00:753 Broker/(20131:20131): el pokemon es Pikachu
[INFO] 22:40:00:753 Broker/(20131:20131): 7
[INFO] 22:40:00:754 Broker/(20131:20131): socketero: 12
[INFO] 22:40:00:754 Broker/(20131:20131): Llego a Destino
[INFO] 22:40:42:488 Broker/(20131:20131): socketero: 13
[INFO] 22:40:42:488 Broker/(20131:20131): el pokemon es Pikachu
[INFO] 22:40:42:490 Broker/(20131:20131): 5
[INFO] 22:40:42:490 Broker/(20131:20131): Se envio mensaje a todos los suscriptos!
[INFO] 22:40:42:491 Broker/(20131:20131): socketero: 14
[INFO] 22:40:42:491 Broker/(20131:20131): Llego a Destino
[INFO] 22:40:51:512 Broker/(20131:20131): socketero: 15
[INFO] 22:40:51:512 Broker/(20131:20131): el pokemon es Pikachu
[INFO] 22:40:51:512 Broker/(20131:20131): 5
[INFO] 22:40:51:513 Broker/(20131:20131): Se envio mensaje a todos los suscriptos!
[INFO] 22:40:51:513 Broker/(20131:20131): socketero: 16
[INFO] 22:40:51:513 Broker/(20131:20131): Llego a Destino
[INFO] 22:50:17:295 Broker/(20611:20611): Servidor con IP 127.0.0.1 y puerto 5003
[INFO] 22:50:17:318 Broker/(20611:20611): socketero: -1
[INFO] 22:50:30:735 Broker/(20618:20618): Servidor con IP 127.0.0.1 y puerto 5003
[INFO] 22:50:30:757 Broker/(20618:20618): socketero: -1
[INFO] 22:50:33:421 Broker/(20619:20619): Servidor con IP 127.0.0.1 y puerto 5003
[INFO] 22:50:33:421 Broker/(20619:20619): socketero: -1
[INFO] 22:50:34:957 Broker/(20620:20620): Servidor con IP 127.0.0.1 y puerto 5003
[INFO] 22:50:34:957 Broker/(20620:20620): socketero: -1
[INFO] 22:50:35:709 Broker/(20621:20621): Servidor con IP 127.0.0.1 y puerto 5003
[INFO] 22:50:35:710 Broker/(20621:20621): socketero: -1
[INFO] 22:50:36:334 Broker/(20622:20622): Servidor con IP 127.0.0.1 y puerto 5003
[INFO] 22:50:36:334 Broker/(20622:20622): socketero: -1
[INFO] 22:50:36:894 Broker/(20623:20623): Servidor con IP 127.0.0.1 y puerto 5003
[INFO] 22:50:36:894 Broker/(20623:20623): socketero: -1
[INFO] 22:50:37:422 Broker/(20624:20624): Servidor con IP 127.0.0.1 y puerto 5003
[INFO] 22:50:37:422 Broker/(20624:20624): socketero: -1
[INFO] 22:50:37:934 Broker/(20625:20625): Servidor con IP 127.0.0.1 y puerto 5003
[INFO] 22:50:37:934 Broker/(20625:20625): socketero: -1
[INFO] 22:50:38:398 Broker/(20626:20626): Servidor con IP 127.0.0.1 y puerto 5003
[INFO] 22:50:38:398 Broker/(20626:20626): socketero: -1
[INFO] 22:50:38:870 Broker/(20627:20627): Servidor con IP 127.0.0.1 y puerto 5003
[INFO] 22:50:38:870 Broker/(20627:20627): socketero: -1
[INFO] 22:50:39:342 Broker/(20628:20628): Servidor con IP 127.0.0.1 y puerto 5003
[INFO] 22:50:39:342 Broker/(20628:20628): socketero: -1
[INFO] 22:50:39:806 Broker/(20629:20629): Servidor con IP 127.0.0.1 y puerto 5003
[INFO] 22:50:39:806 Broker/(20629:20629): socketero: -1
[INFO] 22:50:40:302 Broker/(20630:20630): Servidor con IP 127.0.0.1 y puerto 5003
[INFO] 22:50:40:302 Broker/(20630:20630): socketero: -1
[INFO] 22:50:40:814 Broker/(20631:20631): Servidor con IP 127.0.0.1 y puerto 5003
[INFO] 22:50:40:814 Broker/(20631:20631): socketero: -1
[INFO] 22:50:41:366 Broker/(20632:20632): Servidor con IP 127.0.0.1 y puerto 5003
[INFO] 22:50:41:366 Broker/(20632:20632): socketero: -1
[INFO] 22:50:41:918 Broker/(20633:20633): Servidor con IP 127.0.0.1 y puerto 5003
[INFO] 22:50:41:918 Broker/(20633:20633): socketero: -1
[INFO] 22:50:42:486 Broker/(20634:20634): Servidor con IP 127.0.0.1 y puerto 5003
[INFO] 22:50:42:486 Broker/(20634:20634): socketero: -1
[INFO] 22:50:43:550 Broker/(20635:20635): Servidor con IP 127.0.0.1 y puerto 5003
[INFO] 22:50:43:551 Broker/(20635:20635): socketero: -1
[INFO] 22:50:48:47 Broker/(20636:20636): Servidor con IP 127.0.0.1 y puerto 5003
[INFO] 22:50:48:47 Broker/(20636:20636): socketero: -1
[INFO] 22:50:55:176 Broker/(20639:20639): Servidor con IP 127.0.0.1 y puerto 5003
[INFO] 22:50:55:176 Broker/(20639:20639): socketero: -1
[INFO] 22:51:01:897 Broker/(20640:20640): Servidor con IP 127.0.0.1 y puerto 5003
[INFO] 22:51:08:274 Broker/(20640:20640): socketero: 7
[INFO] 22:54:44:714 Broker/(20942:20942): socketero: 5
[INFO] 22:54:44:714 Broker/(20942:20942): Se Suscribio a la lista CATCH 5
[INFO] 22:54:44:715 Broker/(20942:20942): socketero: 8
[INFO] 22:54:44:715 Broker/(20942:20942): Se Suscribio a la lista NEW 8
[INFO] 22:54:44:715 Broker/(20942:20942): socketero: 10
[INFO] 22:54:44:715 Broker/(20942:20942): Se Suscribio a la lista GET 10
[INFO] 22:54:54:348 Broker/(20942:20942): socketero: 12
[INFO] 22:54:54:348 Broker/(20942:20942): el pokemon es Pikachu
[INFO] 22:54:54:348 Broker/(20942:20942): Se envio mensaje a todos los suscriptos!
[INFO] 22:54:54:348 Broker/(20942:20942): socketero: 14
[INFO] 22:54:54:348 Broker/(20942:20942): Llego a Destino
[INFO] 22:55:13:727 Broker/(20942:20942): socketero: 16
[INFO] 22:55:13:727 Broker/(20942:20942): el pokemon es Pikachu
[INFO] 22:55:13:727 Broker/(20942:20942): socketero: 18
[INFO] 22:55:13:728 Broker/(20942:20942): Llego a Destino
[INFO] 22:55:19:696 Broker/(20942:20942): socketero: 20
[INFO] 22:55:19:696 Broker/(20942:20942): el pokemon es Pikachu
[INFO] 22:55:19:696 Broker/(20942:20942): Se envio mensaje a todos los suscriptos!
[INFO] 22:55:19:696 Broker/(20942:20942): socketero: 22
[INFO] 22:55:19:696 Broker/(20942:20942): Llego a Destino
[INFO] 22:56:23:554 Broker/(21159:21159): Servidor con IP 127.0.0.1 y puerto 5003
[INFO] 22:56:23:554 Broker/(21159:21159): socketero: -1
[INFO] 22:57:08:425 Broker/(21183:21183): Servidor con IP 127.0.0.1 y puerto 5003
[INFO] 22:57:11:498 Broker/(21183:21183): socketero: 5
[INFO] 22:59:30:895 Broker/(21435:21435): Servidor con IP 127.0.0.1 y puerto 5003
[INFO] 22:59:33:151 Broker/(21435:21435): socketero: 5
[INFO] 23:00:52:117 Broker/(21499:21499): Servidor con IP 127.0.0.1 y puerto 5003
[INFO] 23:00:54:93 Broker/(21499:21499): socketero: 7
[INFO] 23:01:28:223 Broker/(21507:21507): Servidor con IP 127.0.0.1 y puerto 5003
[INFO] 23:01:32:314 Broker/(21507:21507): socketero: 7
[INFO] 23:01:32:317 Broker/(21507:21507): Se Suscribio a la lista CATCH 7
[INFO] 23:01:32:318 Broker/(21507:21507): socketero: 9
[INFO] 23:01:32:319 Broker/(21507:21507): Se Suscribio a la lista NEW 9
[INFO] 23:01:32:320 Broker/(21507:21507): socketero: 11
[INFO] 23:01:32:320 Broker/(21507:21507): Se Suscribio a la lista GET 11
[INFO] 23:03:20:753 Broker/(21581:21581): socketero: 5
[INFO] 23:03:20:768 Broker/(21581:21581): Se Suscribio a la lista CATCH 5
[INFO] 23:03:20:770 Broker/(21581:21581): socketero: 8
[INFO] 23:03:20:770 Broker/(21581:21581): Se Suscribio a la lista NEW 8
[INFO] 23:03:20:771 Broker/(21581:21581): socketero: 10
[INFO] 23:03:20:771 Broker/(21581:21581): Se Suscribio a la lista GET 10
[INFO] 23:03:46:336 Broker/(21587:21587): socketero: 5
[INFO] 23:03:46:336 Broker/(21587:21587): Se Suscribio a la lista CATCH 5
[INFO] 23:03:46:336 Broker/(21587:21587): socketero: 8
[INFO] 23:03:46:336 Broker/(21587:21587): Se Suscribio a la lista NEW 8
[INFO] 23:03:46:337 Broker/(21587:21587): socketero: 10
[INFO] 23:03:46:337 Broker/(21587:21587): Se Suscribio a la lista GET 10
[INFO] 23:04:41:455 Broker/(21644:21644): Servidor con IP 127.0.0.1 y puerto 5003
[INFO] 23:04:42:120 Broker/(21644:21644): socketero: 5
[INFO] 23:04:42:124 Broker/(21644:21644): Se Suscribio a la lista CATCH 5
[INFO] 23:04:42:124 Broker/(21644:21644): socketero: 7
[INFO] 23:04:42:125 Broker/(21644:21644): Se Suscribio a la lista NEW 7
[INFO] 23:04:42:126 Broker/(21644:21644): socketero: 8
[INFO] 23:04:42:126 Broker/(21644:21644): Se Suscribio a la lista GET 8
[INFO] 23:05:30:202 Broker/(21685:21685): Servidor con IP 127.0.0.1 y puerto 5003
[INFO] 23:05:31:759 Broker/(21685:21685): socketero: 5
[INFO] 23:05:31:762 Broker/(21685:21685): Se Suscribio a la lista CATCH 5
[INFO] 23:05:31:763 Broker/(21685:21685): socketero: 7
[INFO] 23:05:31:764 Broker/(21685:21685): Se Suscribio a la lista NEW 7
[INFO] 23:05:31:764 Broker/(21685:21685): socketero: 8
[INFO] 23:05:31:765 Broker/(21685:21685): Se Suscribio a la lista GET 8
[INFO] 23:09:02:534 Broker/(21842:21842): Servidor con IP 127.0.0.1 y puerto 5003
[INFO] 23:09:04:247 Broker/(21842:21842): socketero: 5
[INFO] 23:09:04:251 Broker/(21842:21842): Se Suscribio a la lista CATCH 5
[INFO] 23:09:04:251 Broker/(21842:21842): socketero: 7
[INFO] 23:09:04:252 Broker/(21842:21842): Se Suscribio a la lista NEW 7
[INFO] 23:09:04:252 Broker/(21842:21842): socketero: 8
[INFO] 23:09:04:253 Broker/(21842:21842): Se Suscribio a la lista GET 8
[INFO] 23:11:40:527 Broker/(21906:21906): Servidor con IP 127.0.0.1 y puerto 5003
[INFO] 23:11:42:334 Broker/(21906:21906): socketero: 5
[INFO] 23:11:42:336 Broker/(21906:21906): Se Suscribio a la lista CATCH 5
[INFO] 23:11:42:337 Broker/(21906:21906): socketero: 7
[INFO] 23:11:42:337 Broker/(21906:21906): Se Suscribio a la lista NEW 7
[INFO] 23:11:42:338 Broker/(21906:21906): socketero: 8
[INFO] 23:11:42:338 Broker/(21906:21906): Se Suscribio a la lista GET 8
[INFO] 23:11:52:918 Broker/(21906:21906): socketero: 9
[INFO] 23:11:52:924 Broker/(21906:21906): el pokemon es Pikachu
[INFO] 23:11:52:927 Broker/(21906:21906): Se envio mensaje a todos los suscriptos!
[INFO] 23:11:52:927 Broker/(21906:21906): socketero: 10
[INFO] 23:11:52:928 Broker/(21906:21906): Llego a Destino
[INFO] 23:11:56:158 Broker/(21906:21906): socketero: 11
[INFO] 23:11:56:159 Broker/(21906:21906): el pokemon es Pikachu
[INFO] 23:11:56:160 Broker/(21906:21906): socketero: 12
[INFO] 23:11:56:160 Broker/(21906:21906): Llego a Destino
[INFO] 23:12:04:47 Broker/(21906:21906): socketero: 13
[INFO] 23:12:04:49 Broker/(21906:21906): el pokemon es Pikachu
[INFO] 23:12:04:50 Broker/(21906:21906): Se envio mensaje a todos los suscriptos!
[INFO] 23:12:04:50 Broker/(21906:21906): socketero: 14
[INFO] 23:12:04:50 Broker/(21906:21906): Llego a Destino
[INFO] 23:12:17:281 Broker/(21906:21906): socketero: 15
[INFO] 23:12:17:281 Broker/(21906:21906): el pokemon es Pikachu
[INFO] 23:12:17:282 Broker/(21906:21906): Se envio mensaje a todos los suscriptos!
[INFO] 23:12:17:282 Broker/(21906:21906): socketero: 16
[INFO] 23:12:17:282 Broker/(21906:21906): Llego a Destino
[INFO] 23:12:41:868 Broker/(21906:21906): socketero: 17
[INFO] 23:12:41:868 Broker/(21906:21906): el pokemon es Pikachu
[INFO] 23:12:41:868 Broker/(21906:21906): Se envio mensaje a todos los suscriptos!
[INFO] 23:12:41:869 Broker/(21906:21906): socketero: 18
[INFO] 23:12:41:869 Broker/(21906:21906): Llego a Destino
[INFO] 23:12:49:333 Broker/(21906:21906): socketero: 19
[INFO] 23:12:49:333 Broker/(21906:21906): el pokemon es Pikachu
[INFO] 23:12:49:334 Broker/(21906:21906): socketero: 20
[INFO] 23:12:49:334 Broker/(21906:21906): Llego a Destino
[INFO] 23:13:19:489 Broker/(21964:21964): Servidor con IP 127.0.0.1 y puerto 5003
[INFO] 23:13:21:537 Broker/(21964:21964): socketero: 5
[INFO] 23:13:21:540 Broker/(21964:21964): Se Suscribio a la lista CATCH 5
[INFO] 23:13:21:540 Broker/(21964:21964): socketero: 7
[INFO] 23:13:21:547 Broker/(21964:21964): Se Suscribio a la lista NEW 7
[INFO] 23:13:21:548 Broker/(21964:21964): socketero: 8
[INFO] 23:13:21:548 Broker/(21964:21964): Se Suscribio a la lista GET 8
[INFO] 23:13:23:929 Broker/(21964:21964): socketero: 9
[INFO] 23:13:23:933 Broker/(21964:21964): el pokemon es Pikachu
[INFO] 23:13:23:938 Broker/(21964:21964): Se envio mensaje a todos los suscriptos!
[INFO] 23:13:23:938 Broker/(21964:21964): socketero: 10
[INFO] 23:13:23:945 Broker/(21964:21964): Llego a Destino
[INFO] 23:13:26:201 Broker/(21964:21964): socketero: 11
[INFO] 23:13:26:202 Broker/(21964:21964): el pokemon es Pikachu
[INFO] 23:13:26:202 Broker/(21964:21964): Se envio mensaje a todos los suscriptos!
[INFO] 23:13:26:203 Broker/(21964:21964): socketero: 12
[INFO] 23:13:26:203 Broker/(21964:21964): Llego a Destino
[INFO] 23:13:28:313 Broker/(21964:21964): socketero: 13
[INFO] 23:13:28:314 Broker/(21964:21964): el pokemon es Pikachu
[INFO] 23:13:28:314 Broker/(21964:21964): Se envio mensaje a todos los suscriptos!
[INFO] 23:13:28:315 Broker/(21964:21964): socketero: 14
[INFO] 23:13:28:315 Broker/(21964:21964): Llego a Destino
[INFO] 23:19:50:39 Broker/(22151:22151): Servidor con IP 127.0.0.1 y puerto 5003
[INFO] 23:19:51:563 Broker/(22151:22151): socketero: 5
[INFO] 23:19:51:563 Broker/(22151:22151): Se Suscribio a la lista CATCH 5
[INFO] 23:19:51:564 Broker/(22151:22151): socketero: 7
[INFO] 23:19:51:564 Broker/(22151:22151): Se Suscribio a la lista NEW 7
[INFO] 23:19:51:564 Broker/(22151:22151): socketero: 8
[INFO] 23:19:51:564 Broker/(22151:22151): Se Suscribio a la lista GET 8
[INFO] 23:20:42:56 Broker/(22191:22191): Servidor con IP 127.0.0.1 y puerto 5003
[INFO] 23:20:44:25 Broker/(22191:22191): socketero: 5
[INFO] 23:20:44:25 Broker/(22191:22191): Se Suscribio a la lista CATCH 5
[INFO] 23:20:44:25 Broker/(22191:22191): socketero: 7
[INFO] 23:20:44:25 Broker/(22191:22191): Se Suscribio a la lista NEW 7
[INFO] 23:20:44:26 Broker/(22191:22191): socketero: 8
[INFO] 23:20:44:26 Broker/(22191:22191): Se Suscribio a la lista GET 8
[INFO] 23:22:10:306 Broker/(22226:22226): Servidor con IP 127.0.0.1 y puerto 5003
[INFO] 23:22:12:387 Broker/(22226:22226): socketero: 5
[INFO] 23:22:12:387 Broker/(22226:22226): Se Suscribio a la lista APPEARED 5
[INFO] 23:22:12:387 Broker/(22226:22226): socketero: 7
[INFO] 23:22:12:387 Broker/(22226:22226): Se Suscribio a la lista CAUGHT 7
[INFO] 23:25:21:724 Broker/(22320:22320): Servidor con IP 127.0.0.1 y puerto 5003
[INFO] 23:25:23:573 Broker/(22320:22320): socketero: 5
[INFO] 23:25:23:573 Broker/(22320:22320): Se Suscribio a la lista APPEARED 5
[INFO] 23:25:23:573 Broker/(22320:22320): socketero: 7
[INFO] 23:25:23:573 Broker/(22320:22320): Se Suscribio a la lista CAUGHT 7
